<?xml version="1.0" encoding="UTF-8"?>
<!-- Generated by org.testng.reporters.JUnitXMLReporter -->
<testsuite hostname="DESKTOP-9FQ5FG2" ignored="0" name="Command line test" tests="6" failures="1" timestamp="16 Jul 2020 20:30:03 GMT" time="31.4" errors="0">
  <testcase name="@BeforeMethod setUp" time="14.148" classname="com.qa.HubSpot.PageTest.HomePageTest">
    <failure type="org.openqa.selenium.SessionNotCreatedException" message="session not created
from chrome not reachable
  (Session info: chrome=84.0.4147.89)
Build info: version: &amp;apos;3.14.0&amp;apos;, revision: &amp;apos;aacccce0&amp;apos;, time: &amp;apos;2018-08-02T20:19:58.91Z&amp;apos;
System info: host: &amp;apos;DESKTOP-9FQ5FG2&amp;apos;, ip: &amp;apos;20.20.20.138&amp;apos;, os.name: &amp;apos;Windows 10&amp;apos;, os.arch: &amp;apos;amd64&amp;apos;, os.version: &amp;apos;10.0&amp;apos;, java.version: &amp;apos;1.8.0_172&amp;apos;
Driver info: driver.version: ChromeDriver
remote stacktrace: Backtrace:
	Ordinal0 [0x00389563+2725219]
	Ordinal0 [0x00288551+1672529]
	Ordinal0 [0x00170202+524802]
	Ordinal0 [0x001699B2+498098]
	Ordinal0 [0x0016A09B+499867]
	Ordinal0 [0x0016AFF5+503797]
	Ordinal0 [0x00166994+485780]
	Ordinal0 [0x00170FF0+528368]
	Ordinal0 [0x0011D6C9+186057]
	Ordinal0 [0x0011CA3D+182845]
	Ordinal0 [0x0011A94B+174411]
	Ordinal0 [0x00102528+75048]
	Ordinal0 [0x001035A0+79264]
	Ordinal0 [0x00103539+79161]
	Ordinal0 [0x0029D607+1758727]
	GetHandleVerifier [0x004A6546+1050150]
	GetHandleVerifier [0x004A6291+1049457]
	GetHandleVerifier [0x004B10D7+1094071]
	GetHandleVerifier [0x004A6B46+1051686]
	Ordinal0 [0x00295B06+1727238]
	Ordinal0 [0x0029EB7B+1764219]
	Ordinal0 [0x0029ECE3+1764579]
	Ordinal0 [0x002B4C05+1854469]
	BaseThreadInitThunk [0x75BD6359+25]
	RtlGetAppContainerNamedObjectPath [0x77C87C24+228]
	RtlGetAppContainerNamedObjectPath [0x77C87BF4+180]
	(No symbol) [0x00000000]
">
      <![CDATA[org.openqa.selenium.SessionNotCreatedException: session not created
from chrome not reachable
  (Session info: chrome=84.0.4147.89)
Build info: version: '3.14.0', revision: 'aacccce0', time: '2018-08-02T20:19:58.91Z'
System info: host: 'DESKTOP-9FQ5FG2', ip: '20.20.20.138', os.name: 'Windows 10', os.arch: 'amd64', os.version: '10.0', java.version: '1.8.0_172'
Driver info: driver.version: ChromeDriver
remote stacktrace: Backtrace:
	Ordinal0 [0x00389563+2725219]
	Ordinal0 [0x00288551+1672529]
	Ordinal0 [0x00170202+524802]
	Ordinal0 [0x001699B2+498098]
	Ordinal0 [0x0016A09B+499867]
	Ordinal0 [0x0016AFF5+503797]
	Ordinal0 [0x00166994+485780]
	Ordinal0 [0x00170FF0+528368]
	Ordinal0 [0x0011D6C9+186057]
	Ordinal0 [0x0011CA3D+182845]
	Ordinal0 [0x0011A94B+174411]
	Ordinal0 [0x00102528+75048]
	Ordinal0 [0x001035A0+79264]
	Ordinal0 [0x00103539+79161]
	Ordinal0 [0x0029D607+1758727]
	GetHandleVerifier [0x004A6546+1050150]
	GetHandleVerifier [0x004A6291+1049457]
	GetHandleVerifier [0x004B10D7+1094071]
	GetHandleVerifier [0x004A6B46+1051686]
	Ordinal0 [0x00295B06+1727238]
	Ordinal0 [0x0029EB7B+1764219]
	Ordinal0 [0x0029ECE3+1764579]
	Ordinal0 [0x002B4C05+1854469]
	BaseThreadInitThunk [0x75BD6359+25]
	RtlGetAppContainerNamedObjectPath [0x77C87C24+228]
	RtlGetAppContainerNamedObjectPath [0x77C87BF4+180]
	(No symbol) [0x00000000]

	at org.openqa.selenium.remote.W3CHandshakeResponse.lambda$new$0(W3CHandshakeResponse.java:57)
	at org.openqa.selenium.remote.W3CHandshakeResponse.lambda$getResponseFunction$2(W3CHandshakeResponse.java:104)
	at org.openqa.selenium.remote.ProtocolHandshake.lambda$createSession$0(ProtocolHandshake.java:122)
	at java.util.stream.ReferencePipeline$3$1.accept(Unknown Source)
	at java.util.Spliterators$ArraySpliterator.tryAdvance(Unknown Source)
	at java.util.stream.ReferencePipeline.forEachWithCancel(Unknown Source)
	at java.util.stream.AbstractPipeline.copyIntoWithCancel(Unknown Source)
	at java.util.stream.AbstractPipeline.copyInto(Unknown Source)
	at java.util.stream.AbstractPipeline.wrapAndCopyInto(Unknown Source)
	at java.util.stream.FindOps$FindOp.evaluateSequential(Unknown Source)
	at java.util.stream.AbstractPipeline.evaluate(Unknown Source)
	at java.util.stream.ReferencePipeline.findFirst(Unknown Source)
	at org.openqa.selenium.remote.ProtocolHandshake.createSession(ProtocolHandshake.java:125)
	at org.openqa.selenium.remote.ProtocolHandshake.createSession(ProtocolHandshake.java:73)
	at org.openqa.selenium.remote.HttpCommandExecutor.execute(HttpCommandExecutor.java:136)
	at org.openqa.selenium.remote.service.DriverCommandExecutor.execute(DriverCommandExecutor.java:83)
	at org.openqa.selenium.remote.RemoteWebDriver.execute(RemoteWebDriver.java:548)
	at org.openqa.selenium.remote.RemoteWebDriver.startSession(RemoteWebDriver.java:212)
	at org.openqa.selenium.remote.RemoteWebDriver.<init>(RemoteWebDriver.java:130)
	at org.openqa.selenium.chrome.ChromeDriver.<init>(ChromeDriver.java:181)
	at org.openqa.selenium.chrome.ChromeDriver.<init>(ChromeDriver.java:168)
	at org.openqa.selenium.chrome.ChromeDriver.<init>(ChromeDriver.java:123)
	at com.qa.HubSpot.Base.TestBase.initialization(TestBase.java:42)
	at com.qa.HubSpot.PageTest.HomePageTest.setUp(HomePageTest.java:28)
	at com.qa.HubSpot.PageTest.RunnerClass1.main(RunnerClass1.java:14)
... Removed 28 stack frames]]>
    </failure>
  </testcase> <!-- @BeforeMethod setUp -->
  <testcase name="@BeforeMethod setUp" time="0.0" classname="com.qa.HubSpot.PageTest.HomePageTest">
    <skipped/>
  </testcase> <!-- @BeforeMethod setUp -->
  <testcase name="@BeforeMethod setUp" time="0.0" classname="com.qa.HubSpot.PageTest.HomePageTest">
    <skipped/>
  </testcase> <!-- @BeforeMethod setUp -->
  <testcase name="@BeforeMethod setUp" time="0.0" classname="com.qa.HubSpot.PageTest.HomePageTest">
    <skipped/>
  </testcase> <!-- @BeforeMethod setUp -->
  <testcase name="@BeforeMethod setUp" time="0.0" classname="com.qa.HubSpot.PageTest.HomePageTest">
    <skipped/>
  </testcase> <!-- @BeforeMethod setUp -->
  <testcase name="getHomePageTitleTest" time="0.161" classname="com.qa.HubSpot.PageTest.HomePageTest">
    <failure type="java.lang.AssertionError" message="expected [HubSpot | Redirecting...] but found [HubSpot Login]">
      <![CDATA[java.lang.AssertionError: expected [HubSpot | Redirecting...] but found [HubSpot Login]
	at com.qa.HubSpot.PageTest.HomePageTest.getHomePageTitleTest(HomePageTest.java:40)
	at com.qa.HubSpot.PageTest.RunnerClass1.main(RunnerClass1.java:14)
... Removed 28 stack frames]]>
    </failure>
  </testcase> <!-- getHomePageTitleTest -->
  <testcase name="isDisplayAccountIDTest" time="0.016" classname="com.qa.HubSpot.PageTest.HomePageTest">
    <skipped/>
  </testcase> <!-- isDisplayAccountIDTest -->
  <testcase name="clickOnContactPageTest" time="0.0" classname="com.qa.HubSpot.PageTest.HomePageTest">
    <skipped/>
  </testcase> <!-- clickOnContactPageTest -->
  <testcase name="clickOnclickOnSalesPageTest" time="0.0" classname="com.qa.HubSpot.PageTest.HomePageTest">
    <skipped/>
  </testcase> <!-- clickOnclickOnSalesPageTest -->
  <testcase name="clickOnConversationPageTest" time="0.0" classname="com.qa.HubSpot.PageTest.HomePageTest">
    <skipped/>
  </testcase> <!-- clickOnConversationPageTest -->
  <testcase name="clickOnDealsPageTest" time="0.0" classname="com.qa.HubSpot.PageTest.HomePageTest">
    <skipped/>
  </testcase> <!-- clickOnDealsPageTest -->
</testsuite> <!-- Command line test -->
