<!DOCTYPE html PUBLIC "-//W3C//DTD XHTML 1.1//EN" "http://www.w3.org/TR/xhtml11/DTD/xhtml11.dtd">
<html xmlns="http://www.w3.org/1999/xhtml"><head><title>TestNG Report</title><style type="text/css">table {margin-bottom:10px;border-collapse:collapse;empty-cells:show}th,td {border:1px solid #009;padding:.25em .5em}th {vertical-align:bottom}td {vertical-align:top}table a {font-weight:bold}.stripe td {background-color: #E6EBF9}.num {text-align:right}.passedodd td {background-color: #3F3}.passedeven td {background-color: #0A0}.skippedodd td {background-color: #DDD}.skippedeven td {background-color: #CCC}.failedodd td,.attn {background-color: #F33}.failedeven td,.stripe .attn {background-color: #D00}.stacktrace {white-space:pre;font-family:monospace}.totop {font-size:85%;text-align:center;border-bottom:2px solid #000}</style></head><body><table><tr><th>Test</th><th># Passed</th><th># Skipped</th><th># Failed</th><th>Time (ms)</th><th>Included Groups</th><th>Excluded Groups</th></tr><tr><th colspan="7">Command line suite</th></tr><tr><td><a href="#t0">Command line test</a></td><td class="num">0</td><td class="num attn">5</td><td class="num attn">1</td><td class="num">31,400</td><td></td><td></td></tr></table><table id='summary'><thead><tr><th>Class</th><th>Method</th><th>Start</th><th>Time (ms)</th></tr></thead><tbody><tr><th colspan="4">Command line suite</th></tr></tbody><tbody id="t0"><tr><th colspan="4">Command line test &#8212; failed (configuration methods)</th></tr><tr class="failedeven"><td rowspan="1">com.qa.HubSpot.PageTest.HomePageTest</td><td><a href="#m0">setUp</a></td><td rowspan="1">1594931388776</td><td rowspan="1">14148</td></tr><tr><th colspan="4">Command line test &#8212; failed</th></tr><tr class="failedeven"><td rowspan="1">com.qa.HubSpot.PageTest.HomePageTest</td><td><a href="#m1">getHomePageTitleTest</a></td><td rowspan="1">1594931387738</td><td rowspan="1">161</td></tr><tr><th colspan="4">Command line test &#8212; skipped (configuration methods)</th></tr><tr class="skippedeven"><td rowspan="4">com.qa.HubSpot.PageTest.HomePageTest</td><td><a href="#m2">setUp</a></td><td rowspan="4">1594931402940</td><td rowspan="4">0</td></tr><tr class="skippedeven"><td><a href="#m3">setUp</a></td></tr><tr class="skippedeven"><td><a href="#m4">setUp</a></td></tr><tr class="skippedeven"><td><a href="#m5">setUp</a></td></tr><tr><th colspan="4">Command line test &#8212; skipped</th></tr><tr class="skippedeven"><td rowspan="5">com.qa.HubSpot.PageTest.HomePageTest</td><td><a href="#m6">clickOnContactPageTest</a></td><td rowspan="1">1594931402940</td><td rowspan="1">0</td></tr><tr class="skippedeven"><td><a href="#m7">clickOnConversationPageTest</a></td><td rowspan="1">1594931402940</td><td rowspan="1">0</td></tr><tr class="skippedeven"><td><a href="#m8">clickOnDealsPageTest</a></td><td rowspan="1">1594931402940</td><td rowspan="1">0</td></tr><tr class="skippedeven"><td><a href="#m9">clickOnclickOnSalesPageTest</a></td><td rowspan="1">1594931402940</td><td rowspan="1">0</td></tr><tr class="skippedeven"><td><a href="#m10">isDisplayAccountIDTest</a></td><td rowspan="1">1594931402924</td><td rowspan="1">16</td></tr></tbody></table><h2>Command line test</h2><h3 id="m0">com.qa.HubSpot.PageTest.HomePageTest#setUp</h3><table class="result"><tr><th>Exception</th></tr><tr><td><div class="stacktrace">org.openqa.selenium.SessionNotCreatedException: session not created
from chrome not reachable
  (Session info: chrome=84.0.4147.89)
Build info: version: &apos;3.14.0&apos;, revision: &apos;aacccce0&apos;, time: &apos;2018-08-02T20:19:58.91Z&apos;
System info: host: &apos;DESKTOP-9FQ5FG2&apos;, ip: &apos;20.20.20.138&apos;, os.name: &apos;Windows 10&apos;, os.arch: &apos;amd64&apos;, os.version: &apos;10.0&apos;, java.version: &apos;1.8.0_172&apos;
Driver info: driver.version: ChromeDriver
remote stacktrace: Backtrace:
	Ordinal0 [0x00389563+2725219]
	Ordinal0 [0x00288551+1672529]
	Ordinal0 [0x00170202+524802]
	Ordinal0 [0x001699B2+498098]
	Ordinal0 [0x0016A09B+499867]
	Ordinal0 [0x0016AFF5+503797]
	Ordinal0 [0x00166994+485780]
	Ordinal0 [0x00170FF0+528368]
	Ordinal0 [0x0011D6C9+186057]
	Ordinal0 [0x0011CA3D+182845]
	Ordinal0 [0x0011A94B+174411]
	Ordinal0 [0x00102528+75048]
	Ordinal0 [0x001035A0+79264]
	Ordinal0 [0x00103539+79161]
	Ordinal0 [0x0029D607+1758727]
	GetHandleVerifier [0x004A6546+1050150]
	GetHandleVerifier [0x004A6291+1049457]
	GetHandleVerifier [0x004B10D7+1094071]
	GetHandleVerifier [0x004A6B46+1051686]
	Ordinal0 [0x00295B06+1727238]
	Ordinal0 [0x0029EB7B+1764219]
	Ordinal0 [0x0029ECE3+1764579]
	Ordinal0 [0x002B4C05+1854469]
	BaseThreadInitThunk [0x75BD6359+25]
	RtlGetAppContainerNamedObjectPath [0x77C87C24+228]
	RtlGetAppContainerNamedObjectPath [0x77C87BF4+180]
	(No symbol) [0x00000000]

	at org.openqa.selenium.remote.W3CHandshakeResponse.lambda$new$0(W3CHandshakeResponse.java:57)
	at org.openqa.selenium.remote.W3CHandshakeResponse.lambda$getResponseFunction$2(W3CHandshakeResponse.java:104)
	at org.openqa.selenium.remote.ProtocolHandshake.lambda$createSession$0(ProtocolHandshake.java:122)
	at java.util.stream.ReferencePipeline$3$1.accept(Unknown Source)
	at java.util.Spliterators$ArraySpliterator.tryAdvance(Unknown Source)
	at java.util.stream.ReferencePipeline.forEachWithCancel(Unknown Source)
	at java.util.stream.AbstractPipeline.copyIntoWithCancel(Unknown Source)
	at java.util.stream.AbstractPipeline.copyInto(Unknown Source)
	at java.util.stream.AbstractPipeline.wrapAndCopyInto(Unknown Source)
	at java.util.stream.FindOps$FindOp.evaluateSequential(Unknown Source)
	at java.util.stream.AbstractPipeline.evaluate(Unknown Source)
	at java.util.stream.ReferencePipeline.findFirst(Unknown Source)
	at org.openqa.selenium.remote.ProtocolHandshake.createSession(ProtocolHandshake.java:125)
	at org.openqa.selenium.remote.ProtocolHandshake.createSession(ProtocolHandshake.java:73)
	at org.openqa.selenium.remote.HttpCommandExecutor.execute(HttpCommandExecutor.java:136)
	at org.openqa.selenium.remote.service.DriverCommandExecutor.execute(DriverCommandExecutor.java:83)
	at org.openqa.selenium.remote.RemoteWebDriver.execute(RemoteWebDriver.java:548)
	at org.openqa.selenium.remote.RemoteWebDriver.startSession(RemoteWebDriver.java:212)
	at org.openqa.selenium.remote.RemoteWebDriver.&lt;init&gt;(RemoteWebDriver.java:130)
	at org.openqa.selenium.chrome.ChromeDriver.&lt;init&gt;(ChromeDriver.java:181)
	at org.openqa.selenium.chrome.ChromeDriver.&lt;init&gt;(ChromeDriver.java:168)
	at org.openqa.selenium.chrome.ChromeDriver.&lt;init&gt;(ChromeDriver.java:123)
	at com.qa.HubSpot.Base.TestBase.initialization(TestBase.java:42)
	at com.qa.HubSpot.PageTest.HomePageTest.setUp(HomePageTest.java:28)
	at com.qa.HubSpot.PageTest.RunnerClass1.main(RunnerClass1.java:14)
... Removed 28 stack frames</div></td></tr></table><p class="totop"><a href="#summary">back to summary</a></p><h3 id="m1">com.qa.HubSpot.PageTest.HomePageTest#getHomePageTitleTest</h3><table class="result"><tr><th>Exception</th></tr><tr><td><div class="stacktrace">java.lang.AssertionError: expected [HubSpot | Redirecting...] but found [HubSpot Login]
	at com.qa.HubSpot.PageTest.HomePageTest.getHomePageTitleTest(HomePageTest.java:40)
	at com.qa.HubSpot.PageTest.RunnerClass1.main(RunnerClass1.java:14)
... Removed 28 stack frames</div></td></tr></table><p class="totop"><a href="#summary">back to summary</a></p><h3 id="m2">com.qa.HubSpot.PageTest.HomePageTest#setUp</h3><table class="result"></table><p class="totop"><a href="#summary">back to summary</a></p><h3 id="m3">com.qa.HubSpot.PageTest.HomePageTest#setUp</h3><table class="result"></table><p class="totop"><a href="#summary">back to summary</a></p><h3 id="m4">com.qa.HubSpot.PageTest.HomePageTest#setUp</h3><table class="result"></table><p class="totop"><a href="#summary">back to summary</a></p><h3 id="m5">com.qa.HubSpot.PageTest.HomePageTest#setUp</h3><table class="result"></table><p class="totop"><a href="#summary">back to summary</a></p><h3 id="m6">com.qa.HubSpot.PageTest.HomePageTest#clickOnContactPageTest</h3><table class="result"><tr><th>Exception</th></tr><tr><td><div class="stacktrace">org.openqa.selenium.SessionNotCreatedException: session not created
from chrome not reachable
  (Session info: chrome=84.0.4147.89)
Build info: version: &apos;3.14.0&apos;, revision: &apos;aacccce0&apos;, time: &apos;2018-08-02T20:19:58.91Z&apos;
System info: host: &apos;DESKTOP-9FQ5FG2&apos;, ip: &apos;20.20.20.138&apos;, os.name: &apos;Windows 10&apos;, os.arch: &apos;amd64&apos;, os.version: &apos;10.0&apos;, java.version: &apos;1.8.0_172&apos;
Driver info: driver.version: ChromeDriver
remote stacktrace: Backtrace:
	Ordinal0 [0x00389563+2725219]
	Ordinal0 [0x00288551+1672529]
	Ordinal0 [0x00170202+524802]
	Ordinal0 [0x001699B2+498098]
	Ordinal0 [0x0016A09B+499867]
	Ordinal0 [0x0016AFF5+503797]
	Ordinal0 [0x00166994+485780]
	Ordinal0 [0x00170FF0+528368]
	Ordinal0 [0x0011D6C9+186057]
	Ordinal0 [0x0011CA3D+182845]
	Ordinal0 [0x0011A94B+174411]
	Ordinal0 [0x00102528+75048]
	Ordinal0 [0x001035A0+79264]
	Ordinal0 [0x00103539+79161]
	Ordinal0 [0x0029D607+1758727]
	GetHandleVerifier [0x004A6546+1050150]
	GetHandleVerifier [0x004A6291+1049457]
	GetHandleVerifier [0x004B10D7+1094071]
	GetHandleVerifier [0x004A6B46+1051686]
	Ordinal0 [0x00295B06+1727238]
	Ordinal0 [0x0029EB7B+1764219]
	Ordinal0 [0x0029ECE3+1764579]
	Ordinal0 [0x002B4C05+1854469]
	BaseThreadInitThunk [0x75BD6359+25]
	RtlGetAppContainerNamedObjectPath [0x77C87C24+228]
	RtlGetAppContainerNamedObjectPath [0x77C87BF4+180]
	(No symbol) [0x00000000]

	at org.openqa.selenium.remote.W3CHandshakeResponse.lambda$new$0(W3CHandshakeResponse.java:57)
	at org.openqa.selenium.remote.W3CHandshakeResponse.lambda$getResponseFunction$2(W3CHandshakeResponse.java:104)
	at org.openqa.selenium.remote.ProtocolHandshake.lambda$createSession$0(ProtocolHandshake.java:122)
	at java.util.stream.ReferencePipeline$3$1.accept(Unknown Source)
	at java.util.Spliterators$ArraySpliterator.tryAdvance(Unknown Source)
	at java.util.stream.ReferencePipeline.forEachWithCancel(Unknown Source)
	at java.util.stream.AbstractPipeline.copyIntoWithCancel(Unknown Source)
	at java.util.stream.AbstractPipeline.copyInto(Unknown Source)
	at java.util.stream.AbstractPipeline.wrapAndCopyInto(Unknown Source)
	at java.util.stream.FindOps$FindOp.evaluateSequential(Unknown Source)
	at java.util.stream.AbstractPipeline.evaluate(Unknown Source)
	at java.util.stream.ReferencePipeline.findFirst(Unknown Source)
	at org.openqa.selenium.remote.ProtocolHandshake.createSession(ProtocolHandshake.java:125)
	at org.openqa.selenium.remote.ProtocolHandshake.createSession(ProtocolHandshake.java:73)
	at org.openqa.selenium.remote.HttpCommandExecutor.execute(HttpCommandExecutor.java:136)
	at org.openqa.selenium.remote.service.DriverCommandExecutor.execute(DriverCommandExecutor.java:83)
	at org.openqa.selenium.remote.RemoteWebDriver.execute(RemoteWebDriver.java:548)
	at org.openqa.selenium.remote.RemoteWebDriver.startSession(RemoteWebDriver.java:212)
	at org.openqa.selenium.remote.RemoteWebDriver.&lt;init&gt;(RemoteWebDriver.java:130)
	at org.openqa.selenium.chrome.ChromeDriver.&lt;init&gt;(ChromeDriver.java:181)
	at org.openqa.selenium.chrome.ChromeDriver.&lt;init&gt;(ChromeDriver.java:168)
	at org.openqa.selenium.chrome.ChromeDriver.&lt;init&gt;(ChromeDriver.java:123)
	at com.qa.HubSpot.Base.TestBase.initialization(TestBase.java:42)
	at com.qa.HubSpot.PageTest.HomePageTest.setUp(HomePageTest.java:28)
	at com.qa.HubSpot.PageTest.RunnerClass1.main(RunnerClass1.java:14)
... Removed 28 stack frames</div></td></tr></table><p class="totop"><a href="#summary">back to summary</a></p><h3 id="m7">com.qa.HubSpot.PageTest.HomePageTest#clickOnConversationPageTest</h3><table class="result"><tr><th>Exception</th></tr><tr><td><div class="stacktrace">org.openqa.selenium.SessionNotCreatedException: session not created
from chrome not reachable
  (Session info: chrome=84.0.4147.89)
Build info: version: &apos;3.14.0&apos;, revision: &apos;aacccce0&apos;, time: &apos;2018-08-02T20:19:58.91Z&apos;
System info: host: &apos;DESKTOP-9FQ5FG2&apos;, ip: &apos;20.20.20.138&apos;, os.name: &apos;Windows 10&apos;, os.arch: &apos;amd64&apos;, os.version: &apos;10.0&apos;, java.version: &apos;1.8.0_172&apos;
Driver info: driver.version: ChromeDriver
remote stacktrace: Backtrace:
	Ordinal0 [0x00389563+2725219]
	Ordinal0 [0x00288551+1672529]
	Ordinal0 [0x00170202+524802]
	Ordinal0 [0x001699B2+498098]
	Ordinal0 [0x0016A09B+499867]
	Ordinal0 [0x0016AFF5+503797]
	Ordinal0 [0x00166994+485780]
	Ordinal0 [0x00170FF0+528368]
	Ordinal0 [0x0011D6C9+186057]
	Ordinal0 [0x0011CA3D+182845]
	Ordinal0 [0x0011A94B+174411]
	Ordinal0 [0x00102528+75048]
	Ordinal0 [0x001035A0+79264]
	Ordinal0 [0x00103539+79161]
	Ordinal0 [0x0029D607+1758727]
	GetHandleVerifier [0x004A6546+1050150]
	GetHandleVerifier [0x004A6291+1049457]
	GetHandleVerifier [0x004B10D7+1094071]
	GetHandleVerifier [0x004A6B46+1051686]
	Ordinal0 [0x00295B06+1727238]
	Ordinal0 [0x0029EB7B+1764219]
	Ordinal0 [0x0029ECE3+1764579]
	Ordinal0 [0x002B4C05+1854469]
	BaseThreadInitThunk [0x75BD6359+25]
	RtlGetAppContainerNamedObjectPath [0x77C87C24+228]
	RtlGetAppContainerNamedObjectPath [0x77C87BF4+180]
	(No symbol) [0x00000000]

	at org.openqa.selenium.remote.W3CHandshakeResponse.lambda$new$0(W3CHandshakeResponse.java:57)
	at org.openqa.selenium.remote.W3CHandshakeResponse.lambda$getResponseFunction$2(W3CHandshakeResponse.java:104)
	at org.openqa.selenium.remote.ProtocolHandshake.lambda$createSession$0(ProtocolHandshake.java:122)
	at java.util.stream.ReferencePipeline$3$1.accept(Unknown Source)
	at java.util.Spliterators$ArraySpliterator.tryAdvance(Unknown Source)
	at java.util.stream.ReferencePipeline.forEachWithCancel(Unknown Source)
	at java.util.stream.AbstractPipeline.copyIntoWithCancel(Unknown Source)
	at java.util.stream.AbstractPipeline.copyInto(Unknown Source)
	at java.util.stream.AbstractPipeline.wrapAndCopyInto(Unknown Source)
	at java.util.stream.FindOps$FindOp.evaluateSequential(Unknown Source)
	at java.util.stream.AbstractPipeline.evaluate(Unknown Source)
	at java.util.stream.ReferencePipeline.findFirst(Unknown Source)
	at org.openqa.selenium.remote.ProtocolHandshake.createSession(ProtocolHandshake.java:125)
	at org.openqa.selenium.remote.ProtocolHandshake.createSession(ProtocolHandshake.java:73)
	at org.openqa.selenium.remote.HttpCommandExecutor.execute(HttpCommandExecutor.java:136)
	at org.openqa.selenium.remote.service.DriverCommandExecutor.execute(DriverCommandExecutor.java:83)
	at org.openqa.selenium.remote.RemoteWebDriver.execute(RemoteWebDriver.java:548)
	at org.openqa.selenium.remote.RemoteWebDriver.startSession(RemoteWebDriver.java:212)
	at org.openqa.selenium.remote.RemoteWebDriver.&lt;init&gt;(RemoteWebDriver.java:130)
	at org.openqa.selenium.chrome.ChromeDriver.&lt;init&gt;(ChromeDriver.java:181)
	at org.openqa.selenium.chrome.ChromeDriver.&lt;init&gt;(ChromeDriver.java:168)
	at org.openqa.selenium.chrome.ChromeDriver.&lt;init&gt;(ChromeDriver.java:123)
	at com.qa.HubSpot.Base.TestBase.initialization(TestBase.java:42)
	at com.qa.HubSpot.PageTest.HomePageTest.setUp(HomePageTest.java:28)
	at com.qa.HubSpot.PageTest.RunnerClass1.main(RunnerClass1.java:14)
... Removed 28 stack frames</div></td></tr></table><p class="totop"><a href="#summary">back to summary</a></p><h3 id="m8">com.qa.HubSpot.PageTest.HomePageTest#clickOnDealsPageTest</h3><table class="result"><tr><th>Exception</th></tr><tr><td><div class="stacktrace">org.openqa.selenium.SessionNotCreatedException: session not created
from chrome not reachable
  (Session info: chrome=84.0.4147.89)
Build info: version: &apos;3.14.0&apos;, revision: &apos;aacccce0&apos;, time: &apos;2018-08-02T20:19:58.91Z&apos;
System info: host: &apos;DESKTOP-9FQ5FG2&apos;, ip: &apos;20.20.20.138&apos;, os.name: &apos;Windows 10&apos;, os.arch: &apos;amd64&apos;, os.version: &apos;10.0&apos;, java.version: &apos;1.8.0_172&apos;
Driver info: driver.version: ChromeDriver
remote stacktrace: Backtrace:
	Ordinal0 [0x00389563+2725219]
	Ordinal0 [0x00288551+1672529]
	Ordinal0 [0x00170202+524802]
	Ordinal0 [0x001699B2+498098]
	Ordinal0 [0x0016A09B+499867]
	Ordinal0 [0x0016AFF5+503797]
	Ordinal0 [0x00166994+485780]
	Ordinal0 [0x00170FF0+528368]
	Ordinal0 [0x0011D6C9+186057]
	Ordinal0 [0x0011CA3D+182845]
	Ordinal0 [0x0011A94B+174411]
	Ordinal0 [0x00102528+75048]
	Ordinal0 [0x001035A0+79264]
	Ordinal0 [0x00103539+79161]
	Ordinal0 [0x0029D607+1758727]
	GetHandleVerifier [0x004A6546+1050150]
	GetHandleVerifier [0x004A6291+1049457]
	GetHandleVerifier [0x004B10D7+1094071]
	GetHandleVerifier [0x004A6B46+1051686]
	Ordinal0 [0x00295B06+1727238]
	Ordinal0 [0x0029EB7B+1764219]
	Ordinal0 [0x0029ECE3+1764579]
	Ordinal0 [0x002B4C05+1854469]
	BaseThreadInitThunk [0x75BD6359+25]
	RtlGetAppContainerNamedObjectPath [0x77C87C24+228]
	RtlGetAppContainerNamedObjectPath [0x77C87BF4+180]
	(No symbol) [0x00000000]

	at org.openqa.selenium.remote.W3CHandshakeResponse.lambda$new$0(W3CHandshakeResponse.java:57)
	at org.openqa.selenium.remote.W3CHandshakeResponse.lambda$getResponseFunction$2(W3CHandshakeResponse.java:104)
	at org.openqa.selenium.remote.ProtocolHandshake.lambda$createSession$0(ProtocolHandshake.java:122)
	at java.util.stream.ReferencePipeline$3$1.accept(Unknown Source)
	at java.util.Spliterators$ArraySpliterator.tryAdvance(Unknown Source)
	at java.util.stream.ReferencePipeline.forEachWithCancel(Unknown Source)
	at java.util.stream.AbstractPipeline.copyIntoWithCancel(Unknown Source)
	at java.util.stream.AbstractPipeline.copyInto(Unknown Source)
	at java.util.stream.AbstractPipeline.wrapAndCopyInto(Unknown Source)
	at java.util.stream.FindOps$FindOp.evaluateSequential(Unknown Source)
	at java.util.stream.AbstractPipeline.evaluate(Unknown Source)
	at java.util.stream.ReferencePipeline.findFirst(Unknown Source)
	at org.openqa.selenium.remote.ProtocolHandshake.createSession(ProtocolHandshake.java:125)
	at org.openqa.selenium.remote.ProtocolHandshake.createSession(ProtocolHandshake.java:73)
	at org.openqa.selenium.remote.HttpCommandExecutor.execute(HttpCommandExecutor.java:136)
	at org.openqa.selenium.remote.service.DriverCommandExecutor.execute(DriverCommandExecutor.java:83)
	at org.openqa.selenium.remote.RemoteWebDriver.execute(RemoteWebDriver.java:548)
	at org.openqa.selenium.remote.RemoteWebDriver.startSession(RemoteWebDriver.java:212)
	at org.openqa.selenium.remote.RemoteWebDriver.&lt;init&gt;(RemoteWebDriver.java:130)
	at org.openqa.selenium.chrome.ChromeDriver.&lt;init&gt;(ChromeDriver.java:181)
	at org.openqa.selenium.chrome.ChromeDriver.&lt;init&gt;(ChromeDriver.java:168)
	at org.openqa.selenium.chrome.ChromeDriver.&lt;init&gt;(ChromeDriver.java:123)
	at com.qa.HubSpot.Base.TestBase.initialization(TestBase.java:42)
	at com.qa.HubSpot.PageTest.HomePageTest.setUp(HomePageTest.java:28)
	at com.qa.HubSpot.PageTest.RunnerClass1.main(RunnerClass1.java:14)
... Removed 28 stack frames</div></td></tr></table><p class="totop"><a href="#summary">back to summary</a></p><h3 id="m9">com.qa.HubSpot.PageTest.HomePageTest#clickOnclickOnSalesPageTest</h3><table class="result"><tr><th>Exception</th></tr><tr><td><div class="stacktrace">org.openqa.selenium.SessionNotCreatedException: session not created
from chrome not reachable
  (Session info: chrome=84.0.4147.89)
Build info: version: &apos;3.14.0&apos;, revision: &apos;aacccce0&apos;, time: &apos;2018-08-02T20:19:58.91Z&apos;
System info: host: &apos;DESKTOP-9FQ5FG2&apos;, ip: &apos;20.20.20.138&apos;, os.name: &apos;Windows 10&apos;, os.arch: &apos;amd64&apos;, os.version: &apos;10.0&apos;, java.version: &apos;1.8.0_172&apos;
Driver info: driver.version: ChromeDriver
remote stacktrace: Backtrace:
	Ordinal0 [0x00389563+2725219]
	Ordinal0 [0x00288551+1672529]
	Ordinal0 [0x00170202+524802]
	Ordinal0 [0x001699B2+498098]
	Ordinal0 [0x0016A09B+499867]
	Ordinal0 [0x0016AFF5+503797]
	Ordinal0 [0x00166994+485780]
	Ordinal0 [0x00170FF0+528368]
	Ordinal0 [0x0011D6C9+186057]
	Ordinal0 [0x0011CA3D+182845]
	Ordinal0 [0x0011A94B+174411]
	Ordinal0 [0x00102528+75048]
	Ordinal0 [0x001035A0+79264]
	Ordinal0 [0x00103539+79161]
	Ordinal0 [0x0029D607+1758727]
	GetHandleVerifier [0x004A6546+1050150]
	GetHandleVerifier [0x004A6291+1049457]
	GetHandleVerifier [0x004B10D7+1094071]
	GetHandleVerifier [0x004A6B46+1051686]
	Ordinal0 [0x00295B06+1727238]
	Ordinal0 [0x0029EB7B+1764219]
	Ordinal0 [0x0029ECE3+1764579]
	Ordinal0 [0x002B4C05+1854469]
	BaseThreadInitThunk [0x75BD6359+25]
	RtlGetAppContainerNamedObjectPath [0x77C87C24+228]
	RtlGetAppContainerNamedObjectPath [0x77C87BF4+180]
	(No symbol) [0x00000000]

	at org.openqa.selenium.remote.W3CHandshakeResponse.lambda$new$0(W3CHandshakeResponse.java:57)
	at org.openqa.selenium.remote.W3CHandshakeResponse.lambda$getResponseFunction$2(W3CHandshakeResponse.java:104)
	at org.openqa.selenium.remote.ProtocolHandshake.lambda$createSession$0(ProtocolHandshake.java:122)
	at java.util.stream.ReferencePipeline$3$1.accept(Unknown Source)
	at java.util.Spliterators$ArraySpliterator.tryAdvance(Unknown Source)
	at java.util.stream.ReferencePipeline.forEachWithCancel(Unknown Source)
	at java.util.stream.AbstractPipeline.copyIntoWithCancel(Unknown Source)
	at java.util.stream.AbstractPipeline.copyInto(Unknown Source)
	at java.util.stream.AbstractPipeline.wrapAndCopyInto(Unknown Source)
	at java.util.stream.FindOps$FindOp.evaluateSequential(Unknown Source)
	at java.util.stream.AbstractPipeline.evaluate(Unknown Source)
	at java.util.stream.ReferencePipeline.findFirst(Unknown Source)
	at org.openqa.selenium.remote.ProtocolHandshake.createSession(ProtocolHandshake.java:125)
	at org.openqa.selenium.remote.ProtocolHandshake.createSession(ProtocolHandshake.java:73)
	at org.openqa.selenium.remote.HttpCommandExecutor.execute(HttpCommandExecutor.java:136)
	at org.openqa.selenium.remote.service.DriverCommandExecutor.execute(DriverCommandExecutor.java:83)
	at org.openqa.selenium.remote.RemoteWebDriver.execute(RemoteWebDriver.java:548)
	at org.openqa.selenium.remote.RemoteWebDriver.startSession(RemoteWebDriver.java:212)
	at org.openqa.selenium.remote.RemoteWebDriver.&lt;init&gt;(RemoteWebDriver.java:130)
	at org.openqa.selenium.chrome.ChromeDriver.&lt;init&gt;(ChromeDriver.java:181)
	at org.openqa.selenium.chrome.ChromeDriver.&lt;init&gt;(ChromeDriver.java:168)
	at org.openqa.selenium.chrome.ChromeDriver.&lt;init&gt;(ChromeDriver.java:123)
	at com.qa.HubSpot.Base.TestBase.initialization(TestBase.java:42)
	at com.qa.HubSpot.PageTest.HomePageTest.setUp(HomePageTest.java:28)
	at com.qa.HubSpot.PageTest.RunnerClass1.main(RunnerClass1.java:14)
... Removed 28 stack frames</div></td></tr></table><p class="totop"><a href="#summary">back to summary</a></p><h3 id="m10">com.qa.HubSpot.PageTest.HomePageTest#isDisplayAccountIDTest</h3><table class="result"><tr><th>Exception</th></tr><tr><td><div class="stacktrace">org.openqa.selenium.SessionNotCreatedException: session not created
from chrome not reachable
  (Session info: chrome=84.0.4147.89)
Build info: version: &apos;3.14.0&apos;, revision: &apos;aacccce0&apos;, time: &apos;2018-08-02T20:19:58.91Z&apos;
System info: host: &apos;DESKTOP-9FQ5FG2&apos;, ip: &apos;20.20.20.138&apos;, os.name: &apos;Windows 10&apos;, os.arch: &apos;amd64&apos;, os.version: &apos;10.0&apos;, java.version: &apos;1.8.0_172&apos;
Driver info: driver.version: ChromeDriver
remote stacktrace: Backtrace:
	Ordinal0 [0x00389563+2725219]
	Ordinal0 [0x00288551+1672529]
	Ordinal0 [0x00170202+524802]
	Ordinal0 [0x001699B2+498098]
	Ordinal0 [0x0016A09B+499867]
	Ordinal0 [0x0016AFF5+503797]
	Ordinal0 [0x00166994+485780]
	Ordinal0 [0x00170FF0+528368]
	Ordinal0 [0x0011D6C9+186057]
	Ordinal0 [0x0011CA3D+182845]
	Ordinal0 [0x0011A94B+174411]
	Ordinal0 [0x00102528+75048]
	Ordinal0 [0x001035A0+79264]
	Ordinal0 [0x00103539+79161]
	Ordinal0 [0x0029D607+1758727]
	GetHandleVerifier [0x004A6546+1050150]
	GetHandleVerifier [0x004A6291+1049457]
	GetHandleVerifier [0x004B10D7+1094071]
	GetHandleVerifier [0x004A6B46+1051686]
	Ordinal0 [0x00295B06+1727238]
	Ordinal0 [0x0029EB7B+1764219]
	Ordinal0 [0x0029ECE3+1764579]
	Ordinal0 [0x002B4C05+1854469]
	BaseThreadInitThunk [0x75BD6359+25]
	RtlGetAppContainerNamedObjectPath [0x77C87C24+228]
	RtlGetAppContainerNamedObjectPath [0x77C87BF4+180]
	(No symbol) [0x00000000]

	at org.openqa.selenium.remote.W3CHandshakeResponse.lambda$new$0(W3CHandshakeResponse.java:57)
	at org.openqa.selenium.remote.W3CHandshakeResponse.lambda$getResponseFunction$2(W3CHandshakeResponse.java:104)
	at org.openqa.selenium.remote.ProtocolHandshake.lambda$createSession$0(ProtocolHandshake.java:122)
	at java.util.stream.ReferencePipeline$3$1.accept(Unknown Source)
	at java.util.Spliterators$ArraySpliterator.tryAdvance(Unknown Source)
	at java.util.stream.ReferencePipeline.forEachWithCancel(Unknown Source)
	at java.util.stream.AbstractPipeline.copyIntoWithCancel(Unknown Source)
	at java.util.stream.AbstractPipeline.copyInto(Unknown Source)
	at java.util.stream.AbstractPipeline.wrapAndCopyInto(Unknown Source)
	at java.util.stream.FindOps$FindOp.evaluateSequential(Unknown Source)
	at java.util.stream.AbstractPipeline.evaluate(Unknown Source)
	at java.util.stream.ReferencePipeline.findFirst(Unknown Source)
	at org.openqa.selenium.remote.ProtocolHandshake.createSession(ProtocolHandshake.java:125)
	at org.openqa.selenium.remote.ProtocolHandshake.createSession(ProtocolHandshake.java:73)
	at org.openqa.selenium.remote.HttpCommandExecutor.execute(HttpCommandExecutor.java:136)
	at org.openqa.selenium.remote.service.DriverCommandExecutor.execute(DriverCommandExecutor.java:83)
	at org.openqa.selenium.remote.RemoteWebDriver.execute(RemoteWebDriver.java:548)
	at org.openqa.selenium.remote.RemoteWebDriver.startSession(RemoteWebDriver.java:212)
	at org.openqa.selenium.remote.RemoteWebDriver.&lt;init&gt;(RemoteWebDriver.java:130)
	at org.openqa.selenium.chrome.ChromeDriver.&lt;init&gt;(ChromeDriver.java:181)
	at org.openqa.selenium.chrome.ChromeDriver.&lt;init&gt;(ChromeDriver.java:168)
	at org.openqa.selenium.chrome.ChromeDriver.&lt;init&gt;(ChromeDriver.java:123)
	at com.qa.HubSpot.Base.TestBase.initialization(TestBase.java:42)
	at com.qa.HubSpot.PageTest.HomePageTest.setUp(HomePageTest.java:28)
	at com.qa.HubSpot.PageTest.RunnerClass1.main(RunnerClass1.java:14)
... Removed 28 stack frames</div></td></tr></table><p class="totop"><a href="#summary">back to summary</a></p></body></html>