<?xml version="1.0" encoding="UTF-8"?>
<testng-results skipped="5" failed="1" ignored="0" total="6" passed="0">
  <reporter-output>
  </reporter-output>
  <suite name="Command line suite" duration-ms="31400" started-at="2020-07-16T20:29:31Z" finished-at="2020-07-16T20:30:02Z">
    <groups>
    </groups>
    <test name="Command line test" duration-ms="31400" started-at="2020-07-16T20:29:31Z" finished-at="2020-07-16T20:30:02Z">
      <class name="com.qa.HubSpot.PageTest.HomePageTest">
        <test-method status="PASS" signature="setUp()[pri:0, instance:com.qa.HubSpot.PageTest.HomePageTest@51016012]" name="setUp" is-config="true" duration-ms="16174" started-at="2020-07-17T01:59:31Z" finished-at="2020-07-17T01:59:47Z">
          <reporter-output>
          </reporter-output>
        </test-method> <!-- setUp -->
        <test-method status="FAIL" signature="getHomePageTitleTest()[pri:1, instance:com.qa.HubSpot.PageTest.HomePageTest@51016012]" name="getHomePageTitleTest" duration-ms="161" started-at="2020-07-17T01:59:47Z" finished-at="2020-07-17T01:59:47Z">
          <exception class="java.lang.AssertionError">
            <message>
              <![CDATA[expected [HubSpot | Redirecting...] but found [HubSpot Login]]]>
            </message>
            <full-stacktrace>
              <![CDATA[java.lang.AssertionError: expected [HubSpot | Redirecting...] but found [HubSpot Login]
	at org.testng.Assert.fail(Assert.java:93)
	at org.testng.Assert.failNotEquals(Assert.java:512)
	at org.testng.Assert.assertEqualsImpl(Assert.java:134)
	at org.testng.Assert.assertEquals(Assert.java:115)
	at org.testng.Assert.assertEquals(Assert.java:189)
	at org.testng.Assert.assertEquals(Assert.java:199)
	at com.qa.HubSpot.PageTest.HomePageTest.getHomePageTitleTest(HomePageTest.java:40)
	at sun.reflect.NativeMethodAccessorImpl.invoke0(Native Method)
	at sun.reflect.NativeMethodAccessorImpl.invoke(Unknown Source)
	at sun.reflect.DelegatingMethodAccessorImpl.invoke(Unknown Source)
	at java.lang.reflect.Method.invoke(Unknown Source)
	at org.testng.internal.MethodInvocationHelper.invokeMethod(MethodInvocationHelper.java:108)
	at org.testng.internal.Invoker.invokeMethod(Invoker.java:661)
	at org.testng.internal.Invoker.invokeTestMethod(Invoker.java:869)
	at org.testng.internal.Invoker.invokeTestMethods(Invoker.java:1193)
	at org.testng.internal.TestMethodWorker.invokeTestMethods(TestMethodWorker.java:126)
	at org.testng.internal.TestMethodWorker.run(TestMethodWorker.java:109)
	at org.testng.TestRunner.privateRun(TestRunner.java:744)
	at org.testng.TestRunner.run(TestRunner.java:602)
	at org.testng.SuiteRunner.runTest(SuiteRunner.java:380)
	at org.testng.SuiteRunner.runSequentially(SuiteRunner.java:375)
	at org.testng.SuiteRunner.privateRun(SuiteRunner.java:340)
	at org.testng.SuiteRunner.run(SuiteRunner.java:289)
	at org.testng.SuiteRunnerWorker.runSuite(SuiteRunnerWorker.java:52)
	at org.testng.SuiteRunnerWorker.run(SuiteRunnerWorker.java:86)
	at org.testng.TestNG.runSuitesSequentially(TestNG.java:1301)
	at org.testng.TestNG.runSuitesLocally(TestNG.java:1226)
	at org.testng.TestNG.runSuites(TestNG.java:1144)
	at org.testng.TestNG.run(TestNG.java:1115)
	at com.qa.HubSpot.PageTest.RunnerClass1.main(RunnerClass1.java:14)
]]>
            </full-stacktrace>
          </exception> <!-- java.lang.AssertionError -->
          <reporter-output>
          </reporter-output>
        </test-method> <!-- getHomePageTitleTest -->
        <test-method status="PASS" signature="tearDown()[pri:0, instance:com.qa.HubSpot.PageTest.HomePageTest@51016012]" name="tearDown" is-config="true" duration-ms="877" started-at="2020-07-17T01:59:47Z" finished-at="2020-07-17T01:59:48Z">
          <reporter-output>
          </reporter-output>
        </test-method> <!-- tearDown -->
        <test-method status="FAIL" signature="setUp()[pri:0, instance:com.qa.HubSpot.PageTest.HomePageTest@51016012]" name="setUp" is-config="true" duration-ms="14148" started-at="2020-07-17T01:59:48Z" finished-at="2020-07-17T02:00:02Z">
          <exception class="org.openqa.selenium.SessionNotCreatedException">
            <message>
              <![CDATA[session not created
from chrome not reachable
  (Session info: chrome=84.0.4147.89)
Build info: version: '3.14.0', revision: 'aacccce0', time: '2018-08-02T20:19:58.91Z'
System info: host: 'DESKTOP-9FQ5FG2', ip: '20.20.20.138', os.name: 'Windows 10', os.arch: 'amd64', os.version: '10.0', java.version: '1.8.0_172'
Driver info: driver.version: ChromeDriver
remote stacktrace: Backtrace:
	Ordinal0 [0x00389563+2725219]
	Ordinal0 [0x00288551+1672529]
	Ordinal0 [0x00170202+524802]
	Ordinal0 [0x001699B2+498098]
	Ordinal0 [0x0016A09B+499867]
	Ordinal0 [0x0016AFF5+503797]
	Ordinal0 [0x00166994+485780]
	Ordinal0 [0x00170FF0+528368]
	Ordinal0 [0x0011D6C9+186057]
	Ordinal0 [0x0011CA3D+182845]
	Ordinal0 [0x0011A94B+174411]
	Ordinal0 [0x00102528+75048]
	Ordinal0 [0x001035A0+79264]
	Ordinal0 [0x00103539+79161]
	Ordinal0 [0x0029D607+1758727]
	GetHandleVerifier [0x004A6546+1050150]
	GetHandleVerifier [0x004A6291+1049457]
	GetHandleVerifier [0x004B10D7+1094071]
	GetHandleVerifier [0x004A6B46+1051686]
	Ordinal0 [0x00295B06+1727238]
	Ordinal0 [0x0029EB7B+1764219]
	Ordinal0 [0x0029ECE3+1764579]
	Ordinal0 [0x002B4C05+1854469]
	BaseThreadInitThunk [0x75BD6359+25]
	RtlGetAppContainerNamedObjectPath [0x77C87C24+228]
	RtlGetAppContainerNamedObjectPath [0x77C87BF4+180]
	(No symbol) [0x00000000]
]]>
            </message>
            <full-stacktrace>
              <![CDATA[org.openqa.selenium.SessionNotCreatedException: session not created
from chrome not reachable
  (Session info: chrome=84.0.4147.89)
Build info: version: '3.14.0', revision: 'aacccce0', time: '2018-08-02T20:19:58.91Z'
System info: host: 'DESKTOP-9FQ5FG2', ip: '20.20.20.138', os.name: 'Windows 10', os.arch: 'amd64', os.version: '10.0', java.version: '1.8.0_172'
Driver info: driver.version: ChromeDriver
remote stacktrace: Backtrace:
	Ordinal0 [0x00389563+2725219]
	Ordinal0 [0x00288551+1672529]
	Ordinal0 [0x00170202+524802]
	Ordinal0 [0x001699B2+498098]
	Ordinal0 [0x0016A09B+499867]
	Ordinal0 [0x0016AFF5+503797]
	Ordinal0 [0x00166994+485780]
	Ordinal0 [0x00170FF0+528368]
	Ordinal0 [0x0011D6C9+186057]
	Ordinal0 [0x0011CA3D+182845]
	Ordinal0 [0x0011A94B+174411]
	Ordinal0 [0x00102528+75048]
	Ordinal0 [0x001035A0+79264]
	Ordinal0 [0x00103539+79161]
	Ordinal0 [0x0029D607+1758727]
	GetHandleVerifier [0x004A6546+1050150]
	GetHandleVerifier [0x004A6291+1049457]
	GetHandleVerifier [0x004B10D7+1094071]
	GetHandleVerifier [0x004A6B46+1051686]
	Ordinal0 [0x00295B06+1727238]
	Ordinal0 [0x0029EB7B+1764219]
	Ordinal0 [0x0029ECE3+1764579]
	Ordinal0 [0x002B4C05+1854469]
	BaseThreadInitThunk [0x75BD6359+25]
	RtlGetAppContainerNamedObjectPath [0x77C87C24+228]
	RtlGetAppContainerNamedObjectPath [0x77C87BF4+180]
	(No symbol) [0x00000000]

	at sun.reflect.NativeConstructorAccessorImpl.newInstance0(Native Method)
	at sun.reflect.NativeConstructorAccessorImpl.newInstance(Unknown Source)
	at sun.reflect.DelegatingConstructorAccessorImpl.newInstance(Unknown Source)
	at java.lang.reflect.Constructor.newInstance(Unknown Source)
	at org.openqa.selenium.remote.W3CHandshakeResponse.lambda$new$0(W3CHandshakeResponse.java:57)
	at org.openqa.selenium.remote.W3CHandshakeResponse.lambda$getResponseFunction$2(W3CHandshakeResponse.java:104)
	at org.openqa.selenium.remote.ProtocolHandshake.lambda$createSession$0(ProtocolHandshake.java:122)
	at java.util.stream.ReferencePipeline$3$1.accept(Unknown Source)
	at java.util.Spliterators$ArraySpliterator.tryAdvance(Unknown Source)
	at java.util.stream.ReferencePipeline.forEachWithCancel(Unknown Source)
	at java.util.stream.AbstractPipeline.copyIntoWithCancel(Unknown Source)
	at java.util.stream.AbstractPipeline.copyInto(Unknown Source)
	at java.util.stream.AbstractPipeline.wrapAndCopyInto(Unknown Source)
	at java.util.stream.FindOps$FindOp.evaluateSequential(Unknown Source)
	at java.util.stream.AbstractPipeline.evaluate(Unknown Source)
	at java.util.stream.ReferencePipeline.findFirst(Unknown Source)
	at org.openqa.selenium.remote.ProtocolHandshake.createSession(ProtocolHandshake.java:125)
	at org.openqa.selenium.remote.ProtocolHandshake.createSession(ProtocolHandshake.java:73)
	at org.openqa.selenium.remote.HttpCommandExecutor.execute(HttpCommandExecutor.java:136)
	at org.openqa.selenium.remote.service.DriverCommandExecutor.execute(DriverCommandExecutor.java:83)
	at org.openqa.selenium.remote.RemoteWebDriver.execute(RemoteWebDriver.java:548)
	at org.openqa.selenium.remote.RemoteWebDriver.startSession(RemoteWebDriver.java:212)
	at org.openqa.selenium.remote.RemoteWebDriver.<init>(RemoteWebDriver.java:130)
	at org.openqa.selenium.chrome.ChromeDriver.<init>(ChromeDriver.java:181)
	at org.openqa.selenium.chrome.ChromeDriver.<init>(ChromeDriver.java:168)
	at org.openqa.selenium.chrome.ChromeDriver.<init>(ChromeDriver.java:123)
	at com.qa.HubSpot.Base.TestBase.initialization(TestBase.java:42)
	at com.qa.HubSpot.PageTest.HomePageTest.setUp(HomePageTest.java:28)
	at sun.reflect.NativeMethodAccessorImpl.invoke0(Native Method)
	at sun.reflect.NativeMethodAccessorImpl.invoke(Unknown Source)
	at sun.reflect.DelegatingMethodAccessorImpl.invoke(Unknown Source)
	at java.lang.reflect.Method.invoke(Unknown Source)
	at org.testng.internal.MethodInvocationHelper.invokeMethod(MethodInvocationHelper.java:108)
	at org.testng.internal.Invoker.invokeConfigurationMethod(Invoker.java:523)
	at org.testng.internal.Invoker.invokeConfigurations(Invoker.java:224)
	at org.testng.internal.Invoker.invokeMethod(Invoker.java:599)
	at org.testng.internal.Invoker.invokeTestMethod(Invoker.java:869)
	at org.testng.internal.Invoker.invokeTestMethods(Invoker.java:1193)
	at org.testng.internal.TestMethodWorker.invokeTestMethods(TestMethodWorker.java:126)
	at org.testng.internal.TestMethodWorker.run(TestMethodWorker.java:109)
	at org.testng.TestRunner.privateRun(TestRunner.java:744)
	at org.testng.TestRunner.run(TestRunner.java:602)
	at org.testng.SuiteRunner.runTest(SuiteRunner.java:380)
	at org.testng.SuiteRunner.runSequentially(SuiteRunner.java:375)
	at org.testng.SuiteRunner.privateRun(SuiteRunner.java:340)
	at org.testng.SuiteRunner.run(SuiteRunner.java:289)
	at org.testng.SuiteRunnerWorker.runSuite(SuiteRunnerWorker.java:52)
	at org.testng.SuiteRunnerWorker.run(SuiteRunnerWorker.java:86)
	at org.testng.TestNG.runSuitesSequentially(TestNG.java:1301)
	at org.testng.TestNG.runSuitesLocally(TestNG.java:1226)
	at org.testng.TestNG.runSuites(TestNG.java:1144)
	at org.testng.TestNG.run(TestNG.java:1115)
	at com.qa.HubSpot.PageTest.RunnerClass1.main(RunnerClass1.java:14)
]]>
            </full-stacktrace>
          </exception> <!-- org.openqa.selenium.SessionNotCreatedException -->
          <reporter-output>
          </reporter-output>
        </test-method> <!-- setUp -->
        <test-method status="SKIP" signature="isDisplayAccountIDTest()[pri:2, instance:com.qa.HubSpot.PageTest.HomePageTest@51016012]" name="isDisplayAccountIDTest" duration-ms="16" started-at="2020-07-17T02:00:02Z" finished-at="2020-07-17T02:00:02Z">
          <exception class="org.openqa.selenium.SessionNotCreatedException">
            <message>
              <![CDATA[session not created
from chrome not reachable
  (Session info: chrome=84.0.4147.89)
Build info: version: '3.14.0', revision: 'aacccce0', time: '2018-08-02T20:19:58.91Z'
System info: host: 'DESKTOP-9FQ5FG2', ip: '20.20.20.138', os.name: 'Windows 10', os.arch: 'amd64', os.version: '10.0', java.version: '1.8.0_172'
Driver info: driver.version: ChromeDriver
remote stacktrace: Backtrace:
	Ordinal0 [0x00389563+2725219]
	Ordinal0 [0x00288551+1672529]
	Ordinal0 [0x00170202+524802]
	Ordinal0 [0x001699B2+498098]
	Ordinal0 [0x0016A09B+499867]
	Ordinal0 [0x0016AFF5+503797]
	Ordinal0 [0x00166994+485780]
	Ordinal0 [0x00170FF0+528368]
	Ordinal0 [0x0011D6C9+186057]
	Ordinal0 [0x0011CA3D+182845]
	Ordinal0 [0x0011A94B+174411]
	Ordinal0 [0x00102528+75048]
	Ordinal0 [0x001035A0+79264]
	Ordinal0 [0x00103539+79161]
	Ordinal0 [0x0029D607+1758727]
	GetHandleVerifier [0x004A6546+1050150]
	GetHandleVerifier [0x004A6291+1049457]
	GetHandleVerifier [0x004B10D7+1094071]
	GetHandleVerifier [0x004A6B46+1051686]
	Ordinal0 [0x00295B06+1727238]
	Ordinal0 [0x0029EB7B+1764219]
	Ordinal0 [0x0029ECE3+1764579]
	Ordinal0 [0x002B4C05+1854469]
	BaseThreadInitThunk [0x75BD6359+25]
	RtlGetAppContainerNamedObjectPath [0x77C87C24+228]
	RtlGetAppContainerNamedObjectPath [0x77C87BF4+180]
	(No symbol) [0x00000000]
]]>
            </message>
            <full-stacktrace>
              <![CDATA[org.openqa.selenium.SessionNotCreatedException: session not created
from chrome not reachable
  (Session info: chrome=84.0.4147.89)
Build info: version: '3.14.0', revision: 'aacccce0', time: '2018-08-02T20:19:58.91Z'
System info: host: 'DESKTOP-9FQ5FG2', ip: '20.20.20.138', os.name: 'Windows 10', os.arch: 'amd64', os.version: '10.0', java.version: '1.8.0_172'
Driver info: driver.version: ChromeDriver
remote stacktrace: Backtrace:
	Ordinal0 [0x00389563+2725219]
	Ordinal0 [0x00288551+1672529]
	Ordinal0 [0x00170202+524802]
	Ordinal0 [0x001699B2+498098]
	Ordinal0 [0x0016A09B+499867]
	Ordinal0 [0x0016AFF5+503797]
	Ordinal0 [0x00166994+485780]
	Ordinal0 [0x00170FF0+528368]
	Ordinal0 [0x0011D6C9+186057]
	Ordinal0 [0x0011CA3D+182845]
	Ordinal0 [0x0011A94B+174411]
	Ordinal0 [0x00102528+75048]
	Ordinal0 [0x001035A0+79264]
	Ordinal0 [0x00103539+79161]
	Ordinal0 [0x0029D607+1758727]
	GetHandleVerifier [0x004A6546+1050150]
	GetHandleVerifier [0x004A6291+1049457]
	GetHandleVerifier [0x004B10D7+1094071]
	GetHandleVerifier [0x004A6B46+1051686]
	Ordinal0 [0x00295B06+1727238]
	Ordinal0 [0x0029EB7B+1764219]
	Ordinal0 [0x0029ECE3+1764579]
	Ordinal0 [0x002B4C05+1854469]
	BaseThreadInitThunk [0x75BD6359+25]
	RtlGetAppContainerNamedObjectPath [0x77C87C24+228]
	RtlGetAppContainerNamedObjectPath [0x77C87BF4+180]
	(No symbol) [0x00000000]

	at sun.reflect.NativeConstructorAccessorImpl.newInstance0(Native Method)
	at sun.reflect.NativeConstructorAccessorImpl.newInstance(Unknown Source)
	at sun.reflect.DelegatingConstructorAccessorImpl.newInstance(Unknown Source)
	at java.lang.reflect.Constructor.newInstance(Unknown Source)
	at org.openqa.selenium.remote.W3CHandshakeResponse.lambda$new$0(W3CHandshakeResponse.java:57)
	at org.openqa.selenium.remote.W3CHandshakeResponse.lambda$getResponseFunction$2(W3CHandshakeResponse.java:104)
	at org.openqa.selenium.remote.ProtocolHandshake.lambda$createSession$0(ProtocolHandshake.java:122)
	at java.util.stream.ReferencePipeline$3$1.accept(Unknown Source)
	at java.util.Spliterators$ArraySpliterator.tryAdvance(Unknown Source)
	at java.util.stream.ReferencePipeline.forEachWithCancel(Unknown Source)
	at java.util.stream.AbstractPipeline.copyIntoWithCancel(Unknown Source)
	at java.util.stream.AbstractPipeline.copyInto(Unknown Source)
	at java.util.stream.AbstractPipeline.wrapAndCopyInto(Unknown Source)
	at java.util.stream.FindOps$FindOp.evaluateSequential(Unknown Source)
	at java.util.stream.AbstractPipeline.evaluate(Unknown Source)
	at java.util.stream.ReferencePipeline.findFirst(Unknown Source)
	at org.openqa.selenium.remote.ProtocolHandshake.createSession(ProtocolHandshake.java:125)
	at org.openqa.selenium.remote.ProtocolHandshake.createSession(ProtocolHandshake.java:73)
	at org.openqa.selenium.remote.HttpCommandExecutor.execute(HttpCommandExecutor.java:136)
	at org.openqa.selenium.remote.service.DriverCommandExecutor.execute(DriverCommandExecutor.java:83)
	at org.openqa.selenium.remote.RemoteWebDriver.execute(RemoteWebDriver.java:548)
	at org.openqa.selenium.remote.RemoteWebDriver.startSession(RemoteWebDriver.java:212)
	at org.openqa.selenium.remote.RemoteWebDriver.<init>(RemoteWebDriver.java:130)
	at org.openqa.selenium.chrome.ChromeDriver.<init>(ChromeDriver.java:181)
	at org.openqa.selenium.chrome.ChromeDriver.<init>(ChromeDriver.java:168)
	at org.openqa.selenium.chrome.ChromeDriver.<init>(ChromeDriver.java:123)
	at com.qa.HubSpot.Base.TestBase.initialization(TestBase.java:42)
	at com.qa.HubSpot.PageTest.HomePageTest.setUp(HomePageTest.java:28)
	at sun.reflect.NativeMethodAccessorImpl.invoke0(Native Method)
	at sun.reflect.NativeMethodAccessorImpl.invoke(Unknown Source)
	at sun.reflect.DelegatingMethodAccessorImpl.invoke(Unknown Source)
	at java.lang.reflect.Method.invoke(Unknown Source)
	at org.testng.internal.MethodInvocationHelper.invokeMethod(MethodInvocationHelper.java:108)
	at org.testng.internal.Invoker.invokeConfigurationMethod(Invoker.java:523)
	at org.testng.internal.Invoker.invokeConfigurations(Invoker.java:224)
	at org.testng.internal.Invoker.invokeMethod(Invoker.java:599)
	at org.testng.internal.Invoker.invokeTestMethod(Invoker.java:869)
	at org.testng.internal.Invoker.invokeTestMethods(Invoker.java:1193)
	at org.testng.internal.TestMethodWorker.invokeTestMethods(TestMethodWorker.java:126)
	at org.testng.internal.TestMethodWorker.run(TestMethodWorker.java:109)
	at org.testng.TestRunner.privateRun(TestRunner.java:744)
	at org.testng.TestRunner.run(TestRunner.java:602)
	at org.testng.SuiteRunner.runTest(SuiteRunner.java:380)
	at org.testng.SuiteRunner.runSequentially(SuiteRunner.java:375)
	at org.testng.SuiteRunner.privateRun(SuiteRunner.java:340)
	at org.testng.SuiteRunner.run(SuiteRunner.java:289)
	at org.testng.SuiteRunnerWorker.runSuite(SuiteRunnerWorker.java:52)
	at org.testng.SuiteRunnerWorker.run(SuiteRunnerWorker.java:86)
	at org.testng.TestNG.runSuitesSequentially(TestNG.java:1301)
	at org.testng.TestNG.runSuitesLocally(TestNG.java:1226)
	at org.testng.TestNG.runSuites(TestNG.java:1144)
	at org.testng.TestNG.run(TestNG.java:1115)
	at com.qa.HubSpot.PageTest.RunnerClass1.main(RunnerClass1.java:14)
]]>
            </full-stacktrace>
          </exception> <!-- org.openqa.selenium.SessionNotCreatedException -->
          <reporter-output>
          </reporter-output>
        </test-method> <!-- isDisplayAccountIDTest -->
        <test-method status="SKIP" signature="clickOnDealsPageTest()[pri:6, instance:com.qa.HubSpot.PageTest.HomePageTest@51016012]" name="clickOnDealsPageTest" duration-ms="0" started-at="2020-07-17T02:00:02Z" finished-at="2020-07-17T02:00:02Z">
          <exception class="org.openqa.selenium.SessionNotCreatedException">
            <message>
              <![CDATA[session not created
from chrome not reachable
  (Session info: chrome=84.0.4147.89)
Build info: version: '3.14.0', revision: 'aacccce0', time: '2018-08-02T20:19:58.91Z'
System info: host: 'DESKTOP-9FQ5FG2', ip: '20.20.20.138', os.name: 'Windows 10', os.arch: 'amd64', os.version: '10.0', java.version: '1.8.0_172'
Driver info: driver.version: ChromeDriver
remote stacktrace: Backtrace:
	Ordinal0 [0x00389563+2725219]
	Ordinal0 [0x00288551+1672529]
	Ordinal0 [0x00170202+524802]
	Ordinal0 [0x001699B2+498098]
	Ordinal0 [0x0016A09B+499867]
	Ordinal0 [0x0016AFF5+503797]
	Ordinal0 [0x00166994+485780]
	Ordinal0 [0x00170FF0+528368]
	Ordinal0 [0x0011D6C9+186057]
	Ordinal0 [0x0011CA3D+182845]
	Ordinal0 [0x0011A94B+174411]
	Ordinal0 [0x00102528+75048]
	Ordinal0 [0x001035A0+79264]
	Ordinal0 [0x00103539+79161]
	Ordinal0 [0x0029D607+1758727]
	GetHandleVerifier [0x004A6546+1050150]
	GetHandleVerifier [0x004A6291+1049457]
	GetHandleVerifier [0x004B10D7+1094071]
	GetHandleVerifier [0x004A6B46+1051686]
	Ordinal0 [0x00295B06+1727238]
	Ordinal0 [0x0029EB7B+1764219]
	Ordinal0 [0x0029ECE3+1764579]
	Ordinal0 [0x002B4C05+1854469]
	BaseThreadInitThunk [0x75BD6359+25]
	RtlGetAppContainerNamedObjectPath [0x77C87C24+228]
	RtlGetAppContainerNamedObjectPath [0x77C87BF4+180]
	(No symbol) [0x00000000]
]]>
            </message>
            <full-stacktrace>
              <![CDATA[org.openqa.selenium.SessionNotCreatedException: session not created
from chrome not reachable
  (Session info: chrome=84.0.4147.89)
Build info: version: '3.14.0', revision: 'aacccce0', time: '2018-08-02T20:19:58.91Z'
System info: host: 'DESKTOP-9FQ5FG2', ip: '20.20.20.138', os.name: 'Windows 10', os.arch: 'amd64', os.version: '10.0', java.version: '1.8.0_172'
Driver info: driver.version: ChromeDriver
remote stacktrace: Backtrace:
	Ordinal0 [0x00389563+2725219]
	Ordinal0 [0x00288551+1672529]
	Ordinal0 [0x00170202+524802]
	Ordinal0 [0x001699B2+498098]
	Ordinal0 [0x0016A09B+499867]
	Ordinal0 [0x0016AFF5+503797]
	Ordinal0 [0x00166994+485780]
	Ordinal0 [0x00170FF0+528368]
	Ordinal0 [0x0011D6C9+186057]
	Ordinal0 [0x0011CA3D+182845]
	Ordinal0 [0x0011A94B+174411]
	Ordinal0 [0x00102528+75048]
	Ordinal0 [0x001035A0+79264]
	Ordinal0 [0x00103539+79161]
	Ordinal0 [0x0029D607+1758727]
	GetHandleVerifier [0x004A6546+1050150]
	GetHandleVerifier [0x004A6291+1049457]
	GetHandleVerifier [0x004B10D7+1094071]
	GetHandleVerifier [0x004A6B46+1051686]
	Ordinal0 [0x00295B06+1727238]
	Ordinal0 [0x0029EB7B+1764219]
	Ordinal0 [0x0029ECE3+1764579]
	Ordinal0 [0x002B4C05+1854469]
	BaseThreadInitThunk [0x75BD6359+25]
	RtlGetAppContainerNamedObjectPath [0x77C87C24+228]
	RtlGetAppContainerNamedObjectPath [0x77C87BF4+180]
	(No symbol) [0x00000000]

	at sun.reflect.NativeConstructorAccessorImpl.newInstance0(Native Method)
	at sun.reflect.NativeConstructorAccessorImpl.newInstance(Unknown Source)
	at sun.reflect.DelegatingConstructorAccessorImpl.newInstance(Unknown Source)
	at java.lang.reflect.Constructor.newInstance(Unknown Source)
	at org.openqa.selenium.remote.W3CHandshakeResponse.lambda$new$0(W3CHandshakeResponse.java:57)
	at org.openqa.selenium.remote.W3CHandshakeResponse.lambda$getResponseFunction$2(W3CHandshakeResponse.java:104)
	at org.openqa.selenium.remote.ProtocolHandshake.lambda$createSession$0(ProtocolHandshake.java:122)
	at java.util.stream.ReferencePipeline$3$1.accept(Unknown Source)
	at java.util.Spliterators$ArraySpliterator.tryAdvance(Unknown Source)
	at java.util.stream.ReferencePipeline.forEachWithCancel(Unknown Source)
	at java.util.stream.AbstractPipeline.copyIntoWithCancel(Unknown Source)
	at java.util.stream.AbstractPipeline.copyInto(Unknown Source)
	at java.util.stream.AbstractPipeline.wrapAndCopyInto(Unknown Source)
	at java.util.stream.FindOps$FindOp.evaluateSequential(Unknown Source)
	at java.util.stream.AbstractPipeline.evaluate(Unknown Source)
	at java.util.stream.ReferencePipeline.findFirst(Unknown Source)
	at org.openqa.selenium.remote.ProtocolHandshake.createSession(ProtocolHandshake.java:125)
	at org.openqa.selenium.remote.ProtocolHandshake.createSession(ProtocolHandshake.java:73)
	at org.openqa.selenium.remote.HttpCommandExecutor.execute(HttpCommandExecutor.java:136)
	at org.openqa.selenium.remote.service.DriverCommandExecutor.execute(DriverCommandExecutor.java:83)
	at org.openqa.selenium.remote.RemoteWebDriver.execute(RemoteWebDriver.java:548)
	at org.openqa.selenium.remote.RemoteWebDriver.startSession(RemoteWebDriver.java:212)
	at org.openqa.selenium.remote.RemoteWebDriver.<init>(RemoteWebDriver.java:130)
	at org.openqa.selenium.chrome.ChromeDriver.<init>(ChromeDriver.java:181)
	at org.openqa.selenium.chrome.ChromeDriver.<init>(ChromeDriver.java:168)
	at org.openqa.selenium.chrome.ChromeDriver.<init>(ChromeDriver.java:123)
	at com.qa.HubSpot.Base.TestBase.initialization(TestBase.java:42)
	at com.qa.HubSpot.PageTest.HomePageTest.setUp(HomePageTest.java:28)
	at sun.reflect.NativeMethodAccessorImpl.invoke0(Native Method)
	at sun.reflect.NativeMethodAccessorImpl.invoke(Unknown Source)
	at sun.reflect.DelegatingMethodAccessorImpl.invoke(Unknown Source)
	at java.lang.reflect.Method.invoke(Unknown Source)
	at org.testng.internal.MethodInvocationHelper.invokeMethod(MethodInvocationHelper.java:108)
	at org.testng.internal.Invoker.invokeConfigurationMethod(Invoker.java:523)
	at org.testng.internal.Invoker.invokeConfigurations(Invoker.java:224)
	at org.testng.internal.Invoker.invokeMethod(Invoker.java:599)
	at org.testng.internal.Invoker.invokeTestMethod(Invoker.java:869)
	at org.testng.internal.Invoker.invokeTestMethods(Invoker.java:1193)
	at org.testng.internal.TestMethodWorker.invokeTestMethods(TestMethodWorker.java:126)
	at org.testng.internal.TestMethodWorker.run(TestMethodWorker.java:109)
	at org.testng.TestRunner.privateRun(TestRunner.java:744)
	at org.testng.TestRunner.run(TestRunner.java:602)
	at org.testng.SuiteRunner.runTest(SuiteRunner.java:380)
	at org.testng.SuiteRunner.runSequentially(SuiteRunner.java:375)
	at org.testng.SuiteRunner.privateRun(SuiteRunner.java:340)
	at org.testng.SuiteRunner.run(SuiteRunner.java:289)
	at org.testng.SuiteRunnerWorker.runSuite(SuiteRunnerWorker.java:52)
	at org.testng.SuiteRunnerWorker.run(SuiteRunnerWorker.java:86)
	at org.testng.TestNG.runSuitesSequentially(TestNG.java:1301)
	at org.testng.TestNG.runSuitesLocally(TestNG.java:1226)
	at org.testng.TestNG.runSuites(TestNG.java:1144)
	at org.testng.TestNG.run(TestNG.java:1115)
	at com.qa.HubSpot.PageTest.RunnerClass1.main(RunnerClass1.java:14)
]]>
            </full-stacktrace>
          </exception> <!-- org.openqa.selenium.SessionNotCreatedException -->
          <reporter-output>
          </reporter-output>
        </test-method> <!-- clickOnDealsPageTest -->
        <test-method status="SKIP" signature="setUp()[pri:0, instance:com.qa.HubSpot.PageTest.HomePageTest@51016012]" name="setUp" is-config="true" duration-ms="0" started-at="2020-07-17T02:00:02Z" finished-at="2020-07-17T02:00:02Z">
          <reporter-output>
          </reporter-output>
        </test-method> <!-- setUp -->
        <test-method status="SKIP" signature="clickOnclickOnSalesPageTest()[pri:4, instance:com.qa.HubSpot.PageTest.HomePageTest@51016012]" name="clickOnclickOnSalesPageTest" duration-ms="0" started-at="2020-07-17T02:00:02Z" finished-at="2020-07-17T02:00:02Z">
          <exception class="org.openqa.selenium.SessionNotCreatedException">
            <message>
              <![CDATA[session not created
from chrome not reachable
  (Session info: chrome=84.0.4147.89)
Build info: version: '3.14.0', revision: 'aacccce0', time: '2018-08-02T20:19:58.91Z'
System info: host: 'DESKTOP-9FQ5FG2', ip: '20.20.20.138', os.name: 'Windows 10', os.arch: 'amd64', os.version: '10.0', java.version: '1.8.0_172'
Driver info: driver.version: ChromeDriver
remote stacktrace: Backtrace:
	Ordinal0 [0x00389563+2725219]
	Ordinal0 [0x00288551+1672529]
	Ordinal0 [0x00170202+524802]
	Ordinal0 [0x001699B2+498098]
	Ordinal0 [0x0016A09B+499867]
	Ordinal0 [0x0016AFF5+503797]
	Ordinal0 [0x00166994+485780]
	Ordinal0 [0x00170FF0+528368]
	Ordinal0 [0x0011D6C9+186057]
	Ordinal0 [0x0011CA3D+182845]
	Ordinal0 [0x0011A94B+174411]
	Ordinal0 [0x00102528+75048]
	Ordinal0 [0x001035A0+79264]
	Ordinal0 [0x00103539+79161]
	Ordinal0 [0x0029D607+1758727]
	GetHandleVerifier [0x004A6546+1050150]
	GetHandleVerifier [0x004A6291+1049457]
	GetHandleVerifier [0x004B10D7+1094071]
	GetHandleVerifier [0x004A6B46+1051686]
	Ordinal0 [0x00295B06+1727238]
	Ordinal0 [0x0029EB7B+1764219]
	Ordinal0 [0x0029ECE3+1764579]
	Ordinal0 [0x002B4C05+1854469]
	BaseThreadInitThunk [0x75BD6359+25]
	RtlGetAppContainerNamedObjectPath [0x77C87C24+228]
	RtlGetAppContainerNamedObjectPath [0x77C87BF4+180]
	(No symbol) [0x00000000]
]]>
            </message>
            <full-stacktrace>
              <![CDATA[org.openqa.selenium.SessionNotCreatedException: session not created
from chrome not reachable
  (Session info: chrome=84.0.4147.89)
Build info: version: '3.14.0', revision: 'aacccce0', time: '2018-08-02T20:19:58.91Z'
System info: host: 'DESKTOP-9FQ5FG2', ip: '20.20.20.138', os.name: 'Windows 10', os.arch: 'amd64', os.version: '10.0', java.version: '1.8.0_172'
Driver info: driver.version: ChromeDriver
remote stacktrace: Backtrace:
	Ordinal0 [0x00389563+2725219]
	Ordinal0 [0x00288551+1672529]
	Ordinal0 [0x00170202+524802]
	Ordinal0 [0x001699B2+498098]
	Ordinal0 [0x0016A09B+499867]
	Ordinal0 [0x0016AFF5+503797]
	Ordinal0 [0x00166994+485780]
	Ordinal0 [0x00170FF0+528368]
	Ordinal0 [0x0011D6C9+186057]
	Ordinal0 [0x0011CA3D+182845]
	Ordinal0 [0x0011A94B+174411]
	Ordinal0 [0x00102528+75048]
	Ordinal0 [0x001035A0+79264]
	Ordinal0 [0x00103539+79161]
	Ordinal0 [0x0029D607+1758727]
	GetHandleVerifier [0x004A6546+1050150]
	GetHandleVerifier [0x004A6291+1049457]
	GetHandleVerifier [0x004B10D7+1094071]
	GetHandleVerifier [0x004A6B46+1051686]
	Ordinal0 [0x00295B06+1727238]
	Ordinal0 [0x0029EB7B+1764219]
	Ordinal0 [0x0029ECE3+1764579]
	Ordinal0 [0x002B4C05+1854469]
	BaseThreadInitThunk [0x75BD6359+25]
	RtlGetAppContainerNamedObjectPath [0x77C87C24+228]
	RtlGetAppContainerNamedObjectPath [0x77C87BF4+180]
	(No symbol) [0x00000000]

	at sun.reflect.NativeConstructorAccessorImpl.newInstance0(Native Method)
	at sun.reflect.NativeConstructorAccessorImpl.newInstance(Unknown Source)
	at sun.reflect.DelegatingConstructorAccessorImpl.newInstance(Unknown Source)
	at java.lang.reflect.Constructor.newInstance(Unknown Source)
	at org.openqa.selenium.remote.W3CHandshakeResponse.lambda$new$0(W3CHandshakeResponse.java:57)
	at org.openqa.selenium.remote.W3CHandshakeResponse.lambda$getResponseFunction$2(W3CHandshakeResponse.java:104)
	at org.openqa.selenium.remote.ProtocolHandshake.lambda$createSession$0(ProtocolHandshake.java:122)
	at java.util.stream.ReferencePipeline$3$1.accept(Unknown Source)
	at java.util.Spliterators$ArraySpliterator.tryAdvance(Unknown Source)
	at java.util.stream.ReferencePipeline.forEachWithCancel(Unknown Source)
	at java.util.stream.AbstractPipeline.copyIntoWithCancel(Unknown Source)
	at java.util.stream.AbstractPipeline.copyInto(Unknown Source)
	at java.util.stream.AbstractPipeline.wrapAndCopyInto(Unknown Source)
	at java.util.stream.FindOps$FindOp.evaluateSequential(Unknown Source)
	at java.util.stream.AbstractPipeline.evaluate(Unknown Source)
	at java.util.stream.ReferencePipeline.findFirst(Unknown Source)
	at org.openqa.selenium.remote.ProtocolHandshake.createSession(ProtocolHandshake.java:125)
	at org.openqa.selenium.remote.ProtocolHandshake.createSession(ProtocolHandshake.java:73)
	at org.openqa.selenium.remote.HttpCommandExecutor.execute(HttpCommandExecutor.java:136)
	at org.openqa.selenium.remote.service.DriverCommandExecutor.execute(DriverCommandExecutor.java:83)
	at org.openqa.selenium.remote.RemoteWebDriver.execute(RemoteWebDriver.java:548)
	at org.openqa.selenium.remote.RemoteWebDriver.startSession(RemoteWebDriver.java:212)
	at org.openqa.selenium.remote.RemoteWebDriver.<init>(RemoteWebDriver.java:130)
	at org.openqa.selenium.chrome.ChromeDriver.<init>(ChromeDriver.java:181)
	at org.openqa.selenium.chrome.ChromeDriver.<init>(ChromeDriver.java:168)
	at org.openqa.selenium.chrome.ChromeDriver.<init>(ChromeDriver.java:123)
	at com.qa.HubSpot.Base.TestBase.initialization(TestBase.java:42)
	at com.qa.HubSpot.PageTest.HomePageTest.setUp(HomePageTest.java:28)
	at sun.reflect.NativeMethodAccessorImpl.invoke0(Native Method)
	at sun.reflect.NativeMethodAccessorImpl.invoke(Unknown Source)
	at sun.reflect.DelegatingMethodAccessorImpl.invoke(Unknown Source)
	at java.lang.reflect.Method.invoke(Unknown Source)
	at org.testng.internal.MethodInvocationHelper.invokeMethod(MethodInvocationHelper.java:108)
	at org.testng.internal.Invoker.invokeConfigurationMethod(Invoker.java:523)
	at org.testng.internal.Invoker.invokeConfigurations(Invoker.java:224)
	at org.testng.internal.Invoker.invokeMethod(Invoker.java:599)
	at org.testng.internal.Invoker.invokeTestMethod(Invoker.java:869)
	at org.testng.internal.Invoker.invokeTestMethods(Invoker.java:1193)
	at org.testng.internal.TestMethodWorker.invokeTestMethods(TestMethodWorker.java:126)
	at org.testng.internal.TestMethodWorker.run(TestMethodWorker.java:109)
	at org.testng.TestRunner.privateRun(TestRunner.java:744)
	at org.testng.TestRunner.run(TestRunner.java:602)
	at org.testng.SuiteRunner.runTest(SuiteRunner.java:380)
	at org.testng.SuiteRunner.runSequentially(SuiteRunner.java:375)
	at org.testng.SuiteRunner.privateRun(SuiteRunner.java:340)
	at org.testng.SuiteRunner.run(SuiteRunner.java:289)
	at org.testng.SuiteRunnerWorker.runSuite(SuiteRunnerWorker.java:52)
	at org.testng.SuiteRunnerWorker.run(SuiteRunnerWorker.java:86)
	at org.testng.TestNG.runSuitesSequentially(TestNG.java:1301)
	at org.testng.TestNG.runSuitesLocally(TestNG.java:1226)
	at org.testng.TestNG.runSuites(TestNG.java:1144)
	at org.testng.TestNG.run(TestNG.java:1115)
	at com.qa.HubSpot.PageTest.RunnerClass1.main(RunnerClass1.java:14)
]]>
            </full-stacktrace>
          </exception> <!-- org.openqa.selenium.SessionNotCreatedException -->
          <reporter-output>
          </reporter-output>
        </test-method> <!-- clickOnclickOnSalesPageTest -->
        <test-method status="SKIP" signature="setUp()[pri:0, instance:com.qa.HubSpot.PageTest.HomePageTest@51016012]" name="setUp" is-config="true" duration-ms="0" started-at="2020-07-17T02:00:02Z" finished-at="2020-07-17T02:00:02Z">
          <reporter-output>
          </reporter-output>
        </test-method> <!-- setUp -->
        <test-method status="SKIP" signature="clickOnContactPageTest()[pri:3, instance:com.qa.HubSpot.PageTest.HomePageTest@51016012]" name="clickOnContactPageTest" duration-ms="0" started-at="2020-07-17T02:00:02Z" finished-at="2020-07-17T02:00:02Z">
          <exception class="org.openqa.selenium.SessionNotCreatedException">
            <message>
              <![CDATA[session not created
from chrome not reachable
  (Session info: chrome=84.0.4147.89)
Build info: version: '3.14.0', revision: 'aacccce0', time: '2018-08-02T20:19:58.91Z'
System info: host: 'DESKTOP-9FQ5FG2', ip: '20.20.20.138', os.name: 'Windows 10', os.arch: 'amd64', os.version: '10.0', java.version: '1.8.0_172'
Driver info: driver.version: ChromeDriver
remote stacktrace: Backtrace:
	Ordinal0 [0x00389563+2725219]
	Ordinal0 [0x00288551+1672529]
	Ordinal0 [0x00170202+524802]
	Ordinal0 [0x001699B2+498098]
	Ordinal0 [0x0016A09B+499867]
	Ordinal0 [0x0016AFF5+503797]
	Ordinal0 [0x00166994+485780]
	Ordinal0 [0x00170FF0+528368]
	Ordinal0 [0x0011D6C9+186057]
	Ordinal0 [0x0011CA3D+182845]
	Ordinal0 [0x0011A94B+174411]
	Ordinal0 [0x00102528+75048]
	Ordinal0 [0x001035A0+79264]
	Ordinal0 [0x00103539+79161]
	Ordinal0 [0x0029D607+1758727]
	GetHandleVerifier [0x004A6546+1050150]
	GetHandleVerifier [0x004A6291+1049457]
	GetHandleVerifier [0x004B10D7+1094071]
	GetHandleVerifier [0x004A6B46+1051686]
	Ordinal0 [0x00295B06+1727238]
	Ordinal0 [0x0029EB7B+1764219]
	Ordinal0 [0x0029ECE3+1764579]
	Ordinal0 [0x002B4C05+1854469]
	BaseThreadInitThunk [0x75BD6359+25]
	RtlGetAppContainerNamedObjectPath [0x77C87C24+228]
	RtlGetAppContainerNamedObjectPath [0x77C87BF4+180]
	(No symbol) [0x00000000]
]]>
            </message>
            <full-stacktrace>
              <![CDATA[org.openqa.selenium.SessionNotCreatedException: session not created
from chrome not reachable
  (Session info: chrome=84.0.4147.89)
Build info: version: '3.14.0', revision: 'aacccce0', time: '2018-08-02T20:19:58.91Z'
System info: host: 'DESKTOP-9FQ5FG2', ip: '20.20.20.138', os.name: 'Windows 10', os.arch: 'amd64', os.version: '10.0', java.version: '1.8.0_172'
Driver info: driver.version: ChromeDriver
remote stacktrace: Backtrace:
	Ordinal0 [0x00389563+2725219]
	Ordinal0 [0x00288551+1672529]
	Ordinal0 [0x00170202+524802]
	Ordinal0 [0x001699B2+498098]
	Ordinal0 [0x0016A09B+499867]
	Ordinal0 [0x0016AFF5+503797]
	Ordinal0 [0x00166994+485780]
	Ordinal0 [0x00170FF0+528368]
	Ordinal0 [0x0011D6C9+186057]
	Ordinal0 [0x0011CA3D+182845]
	Ordinal0 [0x0011A94B+174411]
	Ordinal0 [0x00102528+75048]
	Ordinal0 [0x001035A0+79264]
	Ordinal0 [0x00103539+79161]
	Ordinal0 [0x0029D607+1758727]
	GetHandleVerifier [0x004A6546+1050150]
	GetHandleVerifier [0x004A6291+1049457]
	GetHandleVerifier [0x004B10D7+1094071]
	GetHandleVerifier [0x004A6B46+1051686]
	Ordinal0 [0x00295B06+1727238]
	Ordinal0 [0x0029EB7B+1764219]
	Ordinal0 [0x0029ECE3+1764579]
	Ordinal0 [0x002B4C05+1854469]
	BaseThreadInitThunk [0x75BD6359+25]
	RtlGetAppContainerNamedObjectPath [0x77C87C24+228]
	RtlGetAppContainerNamedObjectPath [0x77C87BF4+180]
	(No symbol) [0x00000000]

	at sun.reflect.NativeConstructorAccessorImpl.newInstance0(Native Method)
	at sun.reflect.NativeConstructorAccessorImpl.newInstance(Unknown Source)
	at sun.reflect.DelegatingConstructorAccessorImpl.newInstance(Unknown Source)
	at java.lang.reflect.Constructor.newInstance(Unknown Source)
	at org.openqa.selenium.remote.W3CHandshakeResponse.lambda$new$0(W3CHandshakeResponse.java:57)
	at org.openqa.selenium.remote.W3CHandshakeResponse.lambda$getResponseFunction$2(W3CHandshakeResponse.java:104)
	at org.openqa.selenium.remote.ProtocolHandshake.lambda$createSession$0(ProtocolHandshake.java:122)
	at java.util.stream.ReferencePipeline$3$1.accept(Unknown Source)
	at java.util.Spliterators$ArraySpliterator.tryAdvance(Unknown Source)
	at java.util.stream.ReferencePipeline.forEachWithCancel(Unknown Source)
	at java.util.stream.AbstractPipeline.copyIntoWithCancel(Unknown Source)
	at java.util.stream.AbstractPipeline.copyInto(Unknown Source)
	at java.util.stream.AbstractPipeline.wrapAndCopyInto(Unknown Source)
	at java.util.stream.FindOps$FindOp.evaluateSequential(Unknown Source)
	at java.util.stream.AbstractPipeline.evaluate(Unknown Source)
	at java.util.stream.ReferencePipeline.findFirst(Unknown Source)
	at org.openqa.selenium.remote.ProtocolHandshake.createSession(ProtocolHandshake.java:125)
	at org.openqa.selenium.remote.ProtocolHandshake.createSession(ProtocolHandshake.java:73)
	at org.openqa.selenium.remote.HttpCommandExecutor.execute(HttpCommandExecutor.java:136)
	at org.openqa.selenium.remote.service.DriverCommandExecutor.execute(DriverCommandExecutor.java:83)
	at org.openqa.selenium.remote.RemoteWebDriver.execute(RemoteWebDriver.java:548)
	at org.openqa.selenium.remote.RemoteWebDriver.startSession(RemoteWebDriver.java:212)
	at org.openqa.selenium.remote.RemoteWebDriver.<init>(RemoteWebDriver.java:130)
	at org.openqa.selenium.chrome.ChromeDriver.<init>(ChromeDriver.java:181)
	at org.openqa.selenium.chrome.ChromeDriver.<init>(ChromeDriver.java:168)
	at org.openqa.selenium.chrome.ChromeDriver.<init>(ChromeDriver.java:123)
	at com.qa.HubSpot.Base.TestBase.initialization(TestBase.java:42)
	at com.qa.HubSpot.PageTest.HomePageTest.setUp(HomePageTest.java:28)
	at sun.reflect.NativeMethodAccessorImpl.invoke0(Native Method)
	at sun.reflect.NativeMethodAccessorImpl.invoke(Unknown Source)
	at sun.reflect.DelegatingMethodAccessorImpl.invoke(Unknown Source)
	at java.lang.reflect.Method.invoke(Unknown Source)
	at org.testng.internal.MethodInvocationHelper.invokeMethod(MethodInvocationHelper.java:108)
	at org.testng.internal.Invoker.invokeConfigurationMethod(Invoker.java:523)
	at org.testng.internal.Invoker.invokeConfigurations(Invoker.java:224)
	at org.testng.internal.Invoker.invokeMethod(Invoker.java:599)
	at org.testng.internal.Invoker.invokeTestMethod(Invoker.java:869)
	at org.testng.internal.Invoker.invokeTestMethods(Invoker.java:1193)
	at org.testng.internal.TestMethodWorker.invokeTestMethods(TestMethodWorker.java:126)
	at org.testng.internal.TestMethodWorker.run(TestMethodWorker.java:109)
	at org.testng.TestRunner.privateRun(TestRunner.java:744)
	at org.testng.TestRunner.run(TestRunner.java:602)
	at org.testng.SuiteRunner.runTest(SuiteRunner.java:380)
	at org.testng.SuiteRunner.runSequentially(SuiteRunner.java:375)
	at org.testng.SuiteRunner.privateRun(SuiteRunner.java:340)
	at org.testng.SuiteRunner.run(SuiteRunner.java:289)
	at org.testng.SuiteRunnerWorker.runSuite(SuiteRunnerWorker.java:52)
	at org.testng.SuiteRunnerWorker.run(SuiteRunnerWorker.java:86)
	at org.testng.TestNG.runSuitesSequentially(TestNG.java:1301)
	at org.testng.TestNG.runSuitesLocally(TestNG.java:1226)
	at org.testng.TestNG.runSuites(TestNG.java:1144)
	at org.testng.TestNG.run(TestNG.java:1115)
	at com.qa.HubSpot.PageTest.RunnerClass1.main(RunnerClass1.java:14)
]]>
            </full-stacktrace>
          </exception> <!-- org.openqa.selenium.SessionNotCreatedException -->
          <reporter-output>
          </reporter-output>
        </test-method> <!-- clickOnContactPageTest -->
        <test-method status="SKIP" signature="setUp()[pri:0, instance:com.qa.HubSpot.PageTest.HomePageTest@51016012]" name="setUp" is-config="true" duration-ms="0" started-at="2020-07-17T02:00:02Z" finished-at="2020-07-17T02:00:02Z">
          <reporter-output>
          </reporter-output>
        </test-method> <!-- setUp -->
        <test-method status="SKIP" signature="setUp()[pri:0, instance:com.qa.HubSpot.PageTest.HomePageTest@51016012]" name="setUp" is-config="true" duration-ms="0" started-at="2020-07-17T02:00:02Z" finished-at="2020-07-17T02:00:02Z">
          <reporter-output>
          </reporter-output>
        </test-method> <!-- setUp -->
        <test-method status="SKIP" signature="clickOnConversationPageTest()[pri:5, instance:com.qa.HubSpot.PageTest.HomePageTest@51016012]" name="clickOnConversationPageTest" duration-ms="0" started-at="2020-07-17T02:00:02Z" finished-at="2020-07-17T02:00:02Z">
          <exception class="org.openqa.selenium.SessionNotCreatedException">
            <message>
              <![CDATA[session not created
from chrome not reachable
  (Session info: chrome=84.0.4147.89)
Build info: version: '3.14.0', revision: 'aacccce0', time: '2018-08-02T20:19:58.91Z'
System info: host: 'DESKTOP-9FQ5FG2', ip: '20.20.20.138', os.name: 'Windows 10', os.arch: 'amd64', os.version: '10.0', java.version: '1.8.0_172'
Driver info: driver.version: ChromeDriver
remote stacktrace: Backtrace:
	Ordinal0 [0x00389563+2725219]
	Ordinal0 [0x00288551+1672529]
	Ordinal0 [0x00170202+524802]
	Ordinal0 [0x001699B2+498098]
	Ordinal0 [0x0016A09B+499867]
	Ordinal0 [0x0016AFF5+503797]
	Ordinal0 [0x00166994+485780]
	Ordinal0 [0x00170FF0+528368]
	Ordinal0 [0x0011D6C9+186057]
	Ordinal0 [0x0011CA3D+182845]
	Ordinal0 [0x0011A94B+174411]
	Ordinal0 [0x00102528+75048]
	Ordinal0 [0x001035A0+79264]
	Ordinal0 [0x00103539+79161]
	Ordinal0 [0x0029D607+1758727]
	GetHandleVerifier [0x004A6546+1050150]
	GetHandleVerifier [0x004A6291+1049457]
	GetHandleVerifier [0x004B10D7+1094071]
	GetHandleVerifier [0x004A6B46+1051686]
	Ordinal0 [0x00295B06+1727238]
	Ordinal0 [0x0029EB7B+1764219]
	Ordinal0 [0x0029ECE3+1764579]
	Ordinal0 [0x002B4C05+1854469]
	BaseThreadInitThunk [0x75BD6359+25]
	RtlGetAppContainerNamedObjectPath [0x77C87C24+228]
	RtlGetAppContainerNamedObjectPath [0x77C87BF4+180]
	(No symbol) [0x00000000]
]]>
            </message>
            <full-stacktrace>
              <![CDATA[org.openqa.selenium.SessionNotCreatedException: session not created
from chrome not reachable
  (Session info: chrome=84.0.4147.89)
Build info: version: '3.14.0', revision: 'aacccce0', time: '2018-08-02T20:19:58.91Z'
System info: host: 'DESKTOP-9FQ5FG2', ip: '20.20.20.138', os.name: 'Windows 10', os.arch: 'amd64', os.version: '10.0', java.version: '1.8.0_172'
Driver info: driver.version: ChromeDriver
remote stacktrace: Backtrace:
	Ordinal0 [0x00389563+2725219]
	Ordinal0 [0x00288551+1672529]
	Ordinal0 [0x00170202+524802]
	Ordinal0 [0x001699B2+498098]
	Ordinal0 [0x0016A09B+499867]
	Ordinal0 [0x0016AFF5+503797]
	Ordinal0 [0x00166994+485780]
	Ordinal0 [0x00170FF0+528368]
	Ordinal0 [0x0011D6C9+186057]
	Ordinal0 [0x0011CA3D+182845]
	Ordinal0 [0x0011A94B+174411]
	Ordinal0 [0x00102528+75048]
	Ordinal0 [0x001035A0+79264]
	Ordinal0 [0x00103539+79161]
	Ordinal0 [0x0029D607+1758727]
	GetHandleVerifier [0x004A6546+1050150]
	GetHandleVerifier [0x004A6291+1049457]
	GetHandleVerifier [0x004B10D7+1094071]
	GetHandleVerifier [0x004A6B46+1051686]
	Ordinal0 [0x00295B06+1727238]
	Ordinal0 [0x0029EB7B+1764219]
	Ordinal0 [0x0029ECE3+1764579]
	Ordinal0 [0x002B4C05+1854469]
	BaseThreadInitThunk [0x75BD6359+25]
	RtlGetAppContainerNamedObjectPath [0x77C87C24+228]
	RtlGetAppContainerNamedObjectPath [0x77C87BF4+180]
	(No symbol) [0x00000000]

	at sun.reflect.NativeConstructorAccessorImpl.newInstance0(Native Method)
	at sun.reflect.NativeConstructorAccessorImpl.newInstance(Unknown Source)
	at sun.reflect.DelegatingConstructorAccessorImpl.newInstance(Unknown Source)
	at java.lang.reflect.Constructor.newInstance(Unknown Source)
	at org.openqa.selenium.remote.W3CHandshakeResponse.lambda$new$0(W3CHandshakeResponse.java:57)
	at org.openqa.selenium.remote.W3CHandshakeResponse.lambda$getResponseFunction$2(W3CHandshakeResponse.java:104)
	at org.openqa.selenium.remote.ProtocolHandshake.lambda$createSession$0(ProtocolHandshake.java:122)
	at java.util.stream.ReferencePipeline$3$1.accept(Unknown Source)
	at java.util.Spliterators$ArraySpliterator.tryAdvance(Unknown Source)
	at java.util.stream.ReferencePipeline.forEachWithCancel(Unknown Source)
	at java.util.stream.AbstractPipeline.copyIntoWithCancel(Unknown Source)
	at java.util.stream.AbstractPipeline.copyInto(Unknown Source)
	at java.util.stream.AbstractPipeline.wrapAndCopyInto(Unknown Source)
	at java.util.stream.FindOps$FindOp.evaluateSequential(Unknown Source)
	at java.util.stream.AbstractPipeline.evaluate(Unknown Source)
	at java.util.stream.ReferencePipeline.findFirst(Unknown Source)
	at org.openqa.selenium.remote.ProtocolHandshake.createSession(ProtocolHandshake.java:125)
	at org.openqa.selenium.remote.ProtocolHandshake.createSession(ProtocolHandshake.java:73)
	at org.openqa.selenium.remote.HttpCommandExecutor.execute(HttpCommandExecutor.java:136)
	at org.openqa.selenium.remote.service.DriverCommandExecutor.execute(DriverCommandExecutor.java:83)
	at org.openqa.selenium.remote.RemoteWebDriver.execute(RemoteWebDriver.java:548)
	at org.openqa.selenium.remote.RemoteWebDriver.startSession(RemoteWebDriver.java:212)
	at org.openqa.selenium.remote.RemoteWebDriver.<init>(RemoteWebDriver.java:130)
	at org.openqa.selenium.chrome.ChromeDriver.<init>(ChromeDriver.java:181)
	at org.openqa.selenium.chrome.ChromeDriver.<init>(ChromeDriver.java:168)
	at org.openqa.selenium.chrome.ChromeDriver.<init>(ChromeDriver.java:123)
	at com.qa.HubSpot.Base.TestBase.initialization(TestBase.java:42)
	at com.qa.HubSpot.PageTest.HomePageTest.setUp(HomePageTest.java:28)
	at sun.reflect.NativeMethodAccessorImpl.invoke0(Native Method)
	at sun.reflect.NativeMethodAccessorImpl.invoke(Unknown Source)
	at sun.reflect.DelegatingMethodAccessorImpl.invoke(Unknown Source)
	at java.lang.reflect.Method.invoke(Unknown Source)
	at org.testng.internal.MethodInvocationHelper.invokeMethod(MethodInvocationHelper.java:108)
	at org.testng.internal.Invoker.invokeConfigurationMethod(Invoker.java:523)
	at org.testng.internal.Invoker.invokeConfigurations(Invoker.java:224)
	at org.testng.internal.Invoker.invokeMethod(Invoker.java:599)
	at org.testng.internal.Invoker.invokeTestMethod(Invoker.java:869)
	at org.testng.internal.Invoker.invokeTestMethods(Invoker.java:1193)
	at org.testng.internal.TestMethodWorker.invokeTestMethods(TestMethodWorker.java:126)
	at org.testng.internal.TestMethodWorker.run(TestMethodWorker.java:109)
	at org.testng.TestRunner.privateRun(TestRunner.java:744)
	at org.testng.TestRunner.run(TestRunner.java:602)
	at org.testng.SuiteRunner.runTest(SuiteRunner.java:380)
	at org.testng.SuiteRunner.runSequentially(SuiteRunner.java:375)
	at org.testng.SuiteRunner.privateRun(SuiteRunner.java:340)
	at org.testng.SuiteRunner.run(SuiteRunner.java:289)
	at org.testng.SuiteRunnerWorker.runSuite(SuiteRunnerWorker.java:52)
	at org.testng.SuiteRunnerWorker.run(SuiteRunnerWorker.java:86)
	at org.testng.TestNG.runSuitesSequentially(TestNG.java:1301)
	at org.testng.TestNG.runSuitesLocally(TestNG.java:1226)
	at org.testng.TestNG.runSuites(TestNG.java:1144)
	at org.testng.TestNG.run(TestNG.java:1115)
	at com.qa.HubSpot.PageTest.RunnerClass1.main(RunnerClass1.java:14)
]]>
            </full-stacktrace>
          </exception> <!-- org.openqa.selenium.SessionNotCreatedException -->
          <reporter-output>
          </reporter-output>
        </test-method> <!-- clickOnConversationPageTest -->
      </class> <!-- com.qa.HubSpot.PageTest.HomePageTest -->
    </test> <!-- Command line test -->
  </suite> <!-- Command line suite -->
</testng-results>
